

================================================================
== Vitis HLS Report for 'Block_split7796_proc'
================================================================
* Date:           Wed Feb 24 15:49:46 2021

* Version:        2020.2 (Build 3064766 on Wed Nov 18 09:12:47 MST 2020)
* Project:        batch
* Solution:       solution1 (Vivado IP Flow Target)
* Product family: zynquplus
* Target device:  xczu3eg-sbva484-1-i


================================================================
== Performance Estimates
================================================================
+ Timing: 
    * Summary: 
    +--------+---------+----------+------------+
    |  Clock |  Target | Estimated| Uncertainty|
    +--------+---------+----------+------------+
    |ap_clk  |  3.00 ns|  2.020 ns|     0.81 ns|
    +--------+---------+----------+------------+

+ Latency: 
    * Summary: 
    +---------+---------+-----------+-----------+-----+-----+---------+
    |  Latency (cycles) |   Latency (absolute)  |  Interval | Pipeline|
    |   min   |   max   |    min    |    max    | min | max |   Type  |
    +---------+---------+-----------+-----------+-----+-----+---------+
    |        9|        9|  27.000 ns|  27.000 ns|    9|    9|     none|
    +---------+---------+-----------+-----------+-----+-----+---------+

    + Detail: 
        * Instance: 
        N/A

        * Loop: 
        N/A

============================================================
+ Verbose Summary: Synthesis Manager
============================================================
InlineROM: 1
ExposeGlobal: 0
============================================================
+ Verbose Summary: CDFG Model
============================================================
IsTopModel: 0
ResetActiveHigh: 1
IsCombinational: 2
IsDatapathOnly: 0
HasWiredReturn: 1
HasMFsm: 0
HasVarLatency: 1
IsPipeline: 0
IsRtlPipelined: 0
IsInstanceOverlapped: 0
IsDontTouch: 0
HasImplIP: 0
IsGatedGlobalClock: 0


============================================================
+ Verbose Summary: Schedule
============================================================
* Number of FSM states : 10
* Pipeline : 0
* Dataflow Pipeline: 0

* FSM state transitions: 
1 --> 2 
2 --> 3 
3 --> 4 
4 --> 5 
5 --> 6 
6 --> 7 
7 --> 8 
8 --> 9 
9 --> 10 
10 --> 

* FSM state operations: 

State 1 <SV = 0> <Delay = 1.79>
ST_1 : Operation 11 [1/1] (1.09ns)   --->   "%D_read = read i32 @_ssdm_op_Read.ap_fifo.i32P0A, i32 %D"   --->   Operation 11 'read' 'D_read' <Predicate = true> <Delay = 1.09> <CoreInst = "FIFO_SRL">   --->   Core 81 'FIFO_SRL' <Latency = 0> <II = 1> <Delay = 2.16> <Storage> <Opcode : 'read' 'write' 'nbread' 'nbwrite'> <Ports = 0> <Width = 32> <Depth = 2> <FIFO>
ST_1 : Operation 12 [1/1] (1.09ns)   --->   "%IC_read = read i32 @_ssdm_op_Read.ap_fifo.i32P0A, i32 %IC"   --->   Operation 12 'read' 'IC_read' <Predicate = true> <Delay = 1.09> <CoreInst = "FIFO_SRL">   --->   Core 81 'FIFO_SRL' <Latency = 0> <II = 1> <Delay = 2.16> <Storage> <Opcode : 'read' 'write' 'nbread' 'nbwrite'> <Ports = 0> <Width = 32> <Depth = 2> <FIFO>
ST_1 : Operation 13 [1/1] (1.09ns)   --->   "%OC_read = read i32 @_ssdm_op_Read.ap_fifo.i32P0A, i32 %OC"   --->   Operation 13 'read' 'OC_read' <Predicate = true> <Delay = 1.09> <CoreInst = "FIFO_SRL">   --->   Core 81 'FIFO_SRL' <Latency = 0> <II = 1> <Delay = 2.16> <Storage> <Opcode : 'read' 'write' 'nbread' 'nbwrite'> <Ports = 0> <Width = 32> <Depth = 2> <FIFO>
ST_1 : Operation 14 [1/1] (1.09ns)   --->   "%batch_read = read i32 @_ssdm_op_Read.ap_fifo.i32P0A, i32 %batch" [deform.cpp:31]   --->   Operation 14 'read' 'batch_read' <Predicate = true> <Delay = 1.09> <CoreInst = "FIFO_SRL">   --->   Core 81 'FIFO_SRL' <Latency = 0> <II = 1> <Delay = 2.16> <Storage> <Opcode : 'read' 'write' 'nbread' 'nbwrite'> <Ports = 0> <Width = 32> <Depth = 2> <FIFO>
ST_1 : Operation 15 [1/1] (0.00ns)   --->   "%D_V = trunc i32 %D_read"   --->   Operation 15 'trunc' 'D_V' <Predicate = true> <Delay = 0.00>
ST_1 : Operation 16 [1/1] (0.00ns)   --->   "%zext_ln31 = zext i16 %D_V" [deform.cpp:31]   --->   Operation 16 'zext' 'zext_ln31' <Predicate = true> <Delay = 0.00>
ST_1 : Operation 17 [1/1] (0.00ns)   --->   "%IC_V = trunc i32 %IC_read"   --->   Operation 17 'trunc' 'IC_V' <Predicate = true> <Delay = 0.00>
ST_1 : Operation 18 [1/1] (0.00ns)   --->   "%OC_V = trunc i32 %OC_read"   --->   Operation 18 'trunc' 'OC_V' <Predicate = true> <Delay = 0.00>
ST_1 : Operation 19 [4/4] (0.69ns) (root node of the DSP)   --->   "%mul_ln31 = mul i32 %zext_ln31, i32 %zext_ln31" [deform.cpp:31]   --->   Operation 19 'mul' 'mul_ln31' <Predicate = true> <Delay = 0.69> <CoreInst = "DSP48">   --->   Core 127 'DSP48' <Latency = 3> <II = 1> <Delay = 0.69> <IPBlock> <Opcode : 'mul' 'add' 'sub' 'select'> <InPorts = 0> <OutPorts = 1> <Sync> <CReg>
ST_1 : Operation 20 [1/1] (0.00ns)   --->   "%trunc_ln = partselect i12 @_ssdm_op_PartSelect.i12.i32.i32.i32, i32 %OC_read, i32 4, i32 15" [deform.cpp:31]   --->   Operation 20 'partselect' 'trunc_ln' <Predicate = true> <Delay = 0.00>

State 2 <SV = 1> <Delay = 0.69>
ST_2 : Operation 21 [3/4] (0.69ns) (root node of the DSP)   --->   "%mul_ln31 = mul i32 %zext_ln31, i32 %zext_ln31" [deform.cpp:31]   --->   Operation 21 'mul' 'mul_ln31' <Predicate = true> <Delay = 0.69> <CoreInst = "DSP48">   --->   Core 127 'DSP48' <Latency = 3> <II = 1> <Delay = 0.69> <IPBlock> <Opcode : 'mul' 'add' 'sub' 'select'> <InPorts = 0> <OutPorts = 1> <Sync> <CReg>

State 3 <SV = 2> <Delay = 0.69>
ST_3 : Operation 22 [2/4] (0.69ns) (root node of the DSP)   --->   "%mul_ln31 = mul i32 %zext_ln31, i32 %zext_ln31" [deform.cpp:31]   --->   Operation 22 'mul' 'mul_ln31' <Predicate = true> <Delay = 0.69> <CoreInst = "DSP48">   --->   Core 127 'DSP48' <Latency = 3> <II = 1> <Delay = 0.69> <IPBlock> <Opcode : 'mul' 'add' 'sub' 'select'> <InPorts = 0> <OutPorts = 1> <Sync> <CReg>

State 4 <SV = 3> <Delay = 0.00>
ST_4 : Operation 23 [1/4] (0.00ns) (root node of the DSP)   --->   "%mul_ln31 = mul i32 %zext_ln31, i32 %zext_ln31" [deform.cpp:31]   --->   Operation 23 'mul' 'mul_ln31' <Predicate = true> <Delay = 0.00> <CoreInst = "DSP48">   --->   Core 127 'DSP48' <Latency = 3> <II = 1> <Delay = 0.69> <IPBlock> <Opcode : 'mul' 'add' 'sub' 'select'> <InPorts = 0> <OutPorts = 1> <Sync> <CReg>

State 5 <SV = 4> <Delay = 2.02>
ST_5 : Operation 24 [5/5] (2.02ns)   --->   "%mul_ln31_1 = mul i32 %mul_ln31, i32 %batch_read" [deform.cpp:31]   --->   Operation 24 'mul' 'mul_ln31_1' <Predicate = true> <Delay = 2.02> <CoreInst = "Multiplier">   --->   Core 3 'Multiplier' <Latency = 4> <II = 1> <Delay = 2.02> <FuncUnit> <Opcode : 'mul'> <InPorts = 2> <OutPorts = 1>

State 6 <SV = 5> <Delay = 2.02>
ST_6 : Operation 25 [4/5] (2.02ns)   --->   "%mul_ln31_1 = mul i32 %mul_ln31, i32 %batch_read" [deform.cpp:31]   --->   Operation 25 'mul' 'mul_ln31_1' <Predicate = true> <Delay = 2.02> <CoreInst = "Multiplier">   --->   Core 3 'Multiplier' <Latency = 4> <II = 1> <Delay = 2.02> <FuncUnit> <Opcode : 'mul'> <InPorts = 2> <OutPorts = 1>

State 7 <SV = 6> <Delay = 2.02>
ST_7 : Operation 26 [1/1] (0.00ns)   --->   "%rhs_V_i = zext i16 %IC_V"   --->   Operation 26 'zext' 'rhs_V_i' <Predicate = true> <Delay = 0.00>
ST_7 : Operation 27 [1/1] (0.00ns)   --->   "%zext_ln1364 = zext i16 %OC_V"   --->   Operation 27 'zext' 'zext_ln1364' <Predicate = true> <Delay = 0.00>
ST_7 : Operation 28 [4/4] (0.69ns) (root node of the DSP)   --->   "%ret_V_1_out_dc_0 = mul i32 %zext_ln1364, i32 %rhs_V_i"   --->   Operation 28 'mul' 'ret_V_1_out_dc_0' <Predicate = true> <Delay = 0.69> <CoreInst = "DSP48">   --->   Core 127 'DSP48' <Latency = 3> <II = 1> <Delay = 0.69> <IPBlock> <Opcode : 'mul' 'add' 'sub' 'select'> <InPorts = 0> <OutPorts = 1> <Sync> <CReg>
ST_7 : Operation 29 [3/5] (2.02ns)   --->   "%mul_ln31_1 = mul i32 %mul_ln31, i32 %batch_read" [deform.cpp:31]   --->   Operation 29 'mul' 'mul_ln31_1' <Predicate = true> <Delay = 2.02> <CoreInst = "Multiplier">   --->   Core 3 'Multiplier' <Latency = 4> <II = 1> <Delay = 2.02> <FuncUnit> <Opcode : 'mul'> <InPorts = 2> <OutPorts = 1>

State 8 <SV = 7> <Delay = 2.02>
ST_8 : Operation 30 [3/4] (0.69ns) (root node of the DSP)   --->   "%ret_V_1_out_dc_0 = mul i32 %zext_ln1364, i32 %rhs_V_i"   --->   Operation 30 'mul' 'ret_V_1_out_dc_0' <Predicate = true> <Delay = 0.69> <CoreInst = "DSP48">   --->   Core 127 'DSP48' <Latency = 3> <II = 1> <Delay = 0.69> <IPBlock> <Opcode : 'mul' 'add' 'sub' 'select'> <InPorts = 0> <OutPorts = 1> <Sync> <CReg>
ST_8 : Operation 31 [2/5] (2.02ns)   --->   "%mul_ln31_1 = mul i32 %mul_ln31, i32 %batch_read" [deform.cpp:31]   --->   Operation 31 'mul' 'mul_ln31_1' <Predicate = true> <Delay = 2.02> <CoreInst = "Multiplier">   --->   Core 3 'Multiplier' <Latency = 4> <II = 1> <Delay = 2.02> <FuncUnit> <Opcode : 'mul'> <InPorts = 2> <OutPorts = 1>

State 9 <SV = 8> <Delay = 2.02>
ST_9 : Operation 32 [2/4] (0.69ns) (root node of the DSP)   --->   "%ret_V_1_out_dc_0 = mul i32 %zext_ln1364, i32 %rhs_V_i"   --->   Operation 32 'mul' 'ret_V_1_out_dc_0' <Predicate = true> <Delay = 0.69> <CoreInst = "DSP48">   --->   Core 127 'DSP48' <Latency = 3> <II = 1> <Delay = 0.69> <IPBlock> <Opcode : 'mul' 'add' 'sub' 'select'> <InPorts = 0> <OutPorts = 1> <Sync> <CReg>
ST_9 : Operation 33 [1/5] (2.02ns)   --->   "%mul_ln31_1 = mul i32 %mul_ln31, i32 %batch_read" [deform.cpp:31]   --->   Operation 33 'mul' 'mul_ln31_1' <Predicate = true> <Delay = 2.02> <CoreInst = "Multiplier">   --->   Core 3 'Multiplier' <Latency = 4> <II = 1> <Delay = 2.02> <FuncUnit> <Opcode : 'mul'> <InPorts = 2> <OutPorts = 1>

State 10 <SV = 9> <Delay = 1.09>
ST_10 : Operation 34 [1/1] (0.00ns)   --->   "%specinterface_ln0 = specinterface void @_ssdm_op_SpecInterface, i16 %IC_V_out_out, void @ap_fifo_str, i32 0, i32 0, void @p_str, i32 0, i32 0, void @p_str, void @p_str, void @p_str, i32 2, i32 2, i32 16, i32 16, void @p_str, void @p_str"   --->   Operation 34 'specinterface' 'specinterface_ln0' <Predicate = true> <Delay = 0.00>
ST_10 : Operation 35 [1/1] (0.00ns)   --->   "%specinterface_ln0 = specinterface void @_ssdm_op_SpecInterface, i32 %batch, void @ap_fifo_str, i32 0, i32 0, void @p_str, i32 0, i32 0, void @p_str, void @p_str, void @p_str, i32 2, i32 2, i32 16, i32 16, void @p_str, void @ScalarProp_str"   --->   Operation 35 'specinterface' 'specinterface_ln0' <Predicate = true> <Delay = 0.00>
ST_10 : Operation 36 [1/1] (0.00ns)   --->   "%specinterface_ln0 = specinterface void @_ssdm_op_SpecInterface, i32 %OC, void @ap_fifo_str, i32 0, i32 0, void @p_str, i32 0, i32 0, void @p_str, void @p_str, void @p_str, i32 2, i32 2, i32 16, i32 16, void @p_str, void @ScalarProp_str"   --->   Operation 36 'specinterface' 'specinterface_ln0' <Predicate = true> <Delay = 0.00>
ST_10 : Operation 37 [1/1] (0.00ns)   --->   "%specinterface_ln0 = specinterface void @_ssdm_op_SpecInterface, i32 %IC, void @ap_fifo_str, i32 0, i32 0, void @p_str, i32 0, i32 0, void @p_str, void @p_str, void @p_str, i32 2, i32 2, i32 16, i32 16, void @p_str, void @ScalarProp_str"   --->   Operation 37 'specinterface' 'specinterface_ln0' <Predicate = true> <Delay = 0.00>
ST_10 : Operation 38 [1/1] (0.00ns)   --->   "%specinterface_ln0 = specinterface void @_ssdm_op_SpecInterface, i32 %D, void @ap_fifo_str, i32 0, i32 0, void @p_str, i32 0, i32 0, void @p_str, void @p_str, void @p_str, i32 2, i32 2, i32 16, i32 16, void @p_str, void @ScalarProp_str"   --->   Operation 38 'specinterface' 'specinterface_ln0' <Predicate = true> <Delay = 0.00>
ST_10 : Operation 39 [1/1] (0.00ns)   --->   "%specinterface_ln0 = specinterface void @_ssdm_op_SpecInterface, i32 %batch_out, void @ap_fifo_str, i32 0, i32 0, void @p_str, i32 0, i32 0, void @p_str, void @p_str, void @p_str, i32 2, i32 2, i32 16, i32 16, void @p_str, void @ScalarProp_str"   --->   Operation 39 'specinterface' 'specinterface_ln0' <Predicate = true> <Delay = 0.00>
ST_10 : Operation 40 [1/1] (1.09ns)   --->   "%write_ln17 = write void @_ssdm_op_Write.ap_fifo.i32P0A, i32 %batch_out, i32 %batch_read" [deform.cpp:17]   --->   Operation 40 'write' 'write_ln17' <Predicate = true> <Delay = 1.09> <CoreInst = "FIFO_SRL">   --->   Core 81 'FIFO_SRL' <Latency = 0> <II = 1> <Delay = 2.16> <Storage> <Opcode : 'read' 'write' 'nbread' 'nbwrite'> <Ports = 0> <Width = 32> <Depth = 2> <FIFO>
ST_10 : Operation 41 [1/1] (0.00ns)   --->   "%specinterface_ln0 = specinterface void @_ssdm_op_SpecInterface, i32 %batch_out1, void @ap_fifo_str, i32 0, i32 0, void @p_str, i32 0, i32 0, void @p_str, void @p_str, void @p_str, i32 2, i32 2, i32 16, i32 16, void @p_str, void @ScalarProp_str"   --->   Operation 41 'specinterface' 'specinterface_ln0' <Predicate = true> <Delay = 0.00>
ST_10 : Operation 42 [1/1] (1.09ns)   --->   "%write_ln17 = write void @_ssdm_op_Write.ap_fifo.i32P0A, i32 %batch_out1, i32 %batch_read" [deform.cpp:17]   --->   Operation 42 'write' 'write_ln17' <Predicate = true> <Delay = 1.09> <CoreInst = "FIFO_SRL">   --->   Core 81 'FIFO_SRL' <Latency = 0> <II = 1> <Delay = 2.14> <Storage> <Opcode : 'read' 'write' 'nbread' 'nbwrite'> <Ports = 0> <Width = 32> <Depth = 6> <FIFO>
ST_10 : Operation 43 [1/4] (0.00ns) (root node of the DSP)   --->   "%ret_V_1_out_dc_0 = mul i32 %zext_ln1364, i32 %rhs_V_i"   --->   Operation 43 'mul' 'ret_V_1_out_dc_0' <Predicate = true> <Delay = 0.00> <CoreInst = "DSP48">   --->   Core 127 'DSP48' <Latency = 3> <II = 1> <Delay = 0.69> <IPBlock> <Opcode : 'mul' 'add' 'sub' 'select'> <InPorts = 0> <OutPorts = 1> <Sync> <CReg>
ST_10 : Operation 44 [1/1] (1.09ns)   --->   "%write_ln301 = write void @_ssdm_op_Write.ap_fifo.i16P0A, i16 %IC_V_out_out, i16 %IC_V"   --->   Operation 44 'write' 'write_ln301' <Predicate = true> <Delay = 1.09> <CoreInst = "FIFO_SRL">   --->   Core 81 'FIFO_SRL' <Latency = 0> <II = 1> <Delay = 2.16> <Storage> <Opcode : 'read' 'write' 'nbread' 'nbwrite'> <Ports = 0> <Width = 16> <Depth = 4> <FIFO>
ST_10 : Operation 45 [1/1] (0.00ns)   --->   "%specinterface_ln0 = specinterface void @_ssdm_op_SpecInterface, i16 %D_V_out_out, void @ap_fifo_str, i32 0, i32 0, void @p_str, i32 0, i32 0, void @p_str, void @p_str, void @p_str, i32 2, i32 2, i32 16, i32 16, void @p_str, void @ScalarProp_str"   --->   Operation 45 'specinterface' 'specinterface_ln0' <Predicate = true> <Delay = 0.00>
ST_10 : Operation 46 [1/1] (1.09ns)   --->   "%write_ln17 = write void @_ssdm_op_Write.ap_fifo.i16P0A, i16 %D_V_out_out, i16 %D_V" [deform.cpp:17]   --->   Operation 46 'write' 'write_ln17' <Predicate = true> <Delay = 1.09> <CoreInst = "FIFO_SRL">   --->   Core 81 'FIFO_SRL' <Latency = 0> <II = 1> <Delay = 2.16> <Storage> <Opcode : 'read' 'write' 'nbread' 'nbwrite'> <Ports = 0> <Width = 16> <Depth = 2> <FIFO>
ST_10 : Operation 47 [1/1] (0.00ns)   --->   "%specinterface_ln0 = specinterface void @_ssdm_op_SpecInterface, i16 %D_V_out_out2, void @ap_fifo_str, i32 0, i32 0, void @p_str, i32 0, i32 0, void @p_str, void @p_str, void @p_str, i32 2, i32 2, i32 16, i32 16, void @p_str, void @ScalarProp_str"   --->   Operation 47 'specinterface' 'specinterface_ln0' <Predicate = true> <Delay = 0.00>
ST_10 : Operation 48 [1/1] (1.09ns)   --->   "%write_ln17 = write void @_ssdm_op_Write.ap_fifo.i16P0A, i16 %D_V_out_out2, i16 %D_V" [deform.cpp:17]   --->   Operation 48 'write' 'write_ln17' <Predicate = true> <Delay = 1.09> <CoreInst = "FIFO_SRL">   --->   Core 81 'FIFO_SRL' <Latency = 0> <II = 1> <Delay = 2.14> <Storage> <Opcode : 'read' 'write' 'nbread' 'nbwrite'> <Ports = 0> <Width = 16> <Depth = 6> <FIFO>
ST_10 : Operation 49 [1/1] (0.00ns)   --->   "%specinterface_ln0 = specinterface void @_ssdm_op_SpecInterface, i16 %OC_V_out_out, void @ap_fifo_str, i32 0, i32 0, void @p_str, i32 0, i32 0, void @p_str, void @p_str, void @p_str, i32 2, i32 2, i32 16, i32 16, void @p_str, void @ScalarProp_str"   --->   Operation 49 'specinterface' 'specinterface_ln0' <Predicate = true> <Delay = 0.00>
ST_10 : Operation 50 [1/1] (1.09ns)   --->   "%write_ln17 = write void @_ssdm_op_Write.ap_fifo.i16P0A, i16 %OC_V_out_out, i16 %OC_V" [deform.cpp:17]   --->   Operation 50 'write' 'write_ln17' <Predicate = true> <Delay = 1.09> <CoreInst = "FIFO_SRL">   --->   Core 81 'FIFO_SRL' <Latency = 0> <II = 1> <Delay = 2.16> <Storage> <Opcode : 'read' 'write' 'nbread' 'nbwrite'> <Ports = 0> <Width = 16> <Depth = 4> <FIFO>
ST_10 : Operation 51 [1/1] (0.00ns)   --->   "%specinterface_ln0 = specinterface void @_ssdm_op_SpecInterface, i16 %OC_V_out_out3, void @ap_fifo_str, i32 0, i32 0, void @p_str, i32 0, i32 0, void @p_str, void @p_str, void @p_str, i32 2, i32 2, i32 16, i32 16, void @p_str, void @ScalarProp_str"   --->   Operation 51 'specinterface' 'specinterface_ln0' <Predicate = true> <Delay = 0.00>
ST_10 : Operation 52 [1/1] (1.09ns)   --->   "%write_ln17 = write void @_ssdm_op_Write.ap_fifo.i16P0A, i16 %OC_V_out_out3, i16 %OC_V" [deform.cpp:17]   --->   Operation 52 'write' 'write_ln17' <Predicate = true> <Delay = 1.09> <CoreInst = "FIFO_SRL">   --->   Core 81 'FIFO_SRL' <Latency = 0> <II = 1> <Delay = 2.16> <Storage> <Opcode : 'read' 'write' 'nbread' 'nbwrite'> <Ports = 0> <Width = 16> <Depth = 2> <FIFO>
ST_10 : Operation 53 [1/1] (0.00ns)   --->   "%specinterface_ln0 = specinterface void @_ssdm_op_SpecInterface, i32 %ret_V_1_out_out, void @ap_fifo_str, i32 0, i32 0, void @p_str, i32 0, i32 0, void @p_str, void @p_str, void @p_str, i32 2, i32 2, i32 16, i32 16, void @p_str, void @ScalarProp_str"   --->   Operation 53 'specinterface' 'specinterface_ln0' <Predicate = true> <Delay = 0.00>
ST_10 : Operation 54 [1/1] (1.09ns)   --->   "%write_ln17 = write void @_ssdm_op_Write.ap_fifo.i32P0A, i32 %ret_V_1_out_out, i32 %ret_V_1_out_dc_0" [deform.cpp:17]   --->   Operation 54 'write' 'write_ln17' <Predicate = true> <Delay = 1.09> <CoreInst = "FIFO_SRL">   --->   Core 81 'FIFO_SRL' <Latency = 0> <II = 1> <Delay = 2.16> <Storage> <Opcode : 'read' 'write' 'nbread' 'nbwrite'> <Ports = 0> <Width = 32> <Depth = 2> <FIFO>
ST_10 : Operation 55 [1/1] (0.00ns)   --->   "%specinterface_ln0 = specinterface void @_ssdm_op_SpecInterface, i32 %ret_V_1_out_out4, void @ap_fifo_str, i32 0, i32 0, void @p_str, i32 0, i32 0, void @p_str, void @p_str, void @p_str, i32 2, i32 2, i32 16, i32 16, void @p_str, void @ScalarProp_str"   --->   Operation 55 'specinterface' 'specinterface_ln0' <Predicate = true> <Delay = 0.00>
ST_10 : Operation 56 [1/1] (1.09ns)   --->   "%write_ln17 = write void @_ssdm_op_Write.ap_fifo.i32P0A, i32 %ret_V_1_out_out4, i32 %ret_V_1_out_dc_0" [deform.cpp:17]   --->   Operation 56 'write' 'write_ln17' <Predicate = true> <Delay = 1.09> <CoreInst = "FIFO_SRL">   --->   Core 81 'FIFO_SRL' <Latency = 0> <II = 1> <Delay = 2.16> <Storage> <Opcode : 'read' 'write' 'nbread' 'nbwrite'> <Ports = 0> <Width = 32> <Depth = 2> <FIFO>
ST_10 : Operation 57 [1/1] (0.00ns)   --->   "%specinterface_ln0 = specinterface void @_ssdm_op_SpecInterface, i32 %mul_ln31_1_out_out, void @ap_fifo_str, i32 0, i32 0, void @p_str, i32 0, i32 0, void @p_str, void @p_str, void @p_str, i32 2, i32 2, i32 16, i32 16, void @p_str, void @ScalarProp_str"   --->   Operation 57 'specinterface' 'specinterface_ln0' <Predicate = true> <Delay = 0.00>
ST_10 : Operation 58 [1/1] (1.09ns)   --->   "%write_ln17 = write void @_ssdm_op_Write.ap_fifo.i32P0A, i32 %mul_ln31_1_out_out, i32 %mul_ln31_1" [deform.cpp:17]   --->   Operation 58 'write' 'write_ln17' <Predicate = true> <Delay = 1.09> <CoreInst = "FIFO_SRL">   --->   Core 81 'FIFO_SRL' <Latency = 0> <II = 1> <Delay = 2.16> <Storage> <Opcode : 'read' 'write' 'nbread' 'nbwrite'> <Ports = 0> <Width = 32> <Depth = 2> <FIFO>
ST_10 : Operation 59 [1/1] (0.00ns)   --->   "%specinterface_ln0 = specinterface void @_ssdm_op_SpecInterface, i32 %mul_ln31_1_out_out5, void @ap_fifo_str, i32 0, i32 0, void @p_str, i32 0, i32 0, void @p_str, void @p_str, void @p_str, i32 2, i32 2, i32 16, i32 16, void @p_str, void @ScalarProp_str"   --->   Operation 59 'specinterface' 'specinterface_ln0' <Predicate = true> <Delay = 0.00>
ST_10 : Operation 60 [1/1] (1.09ns)   --->   "%write_ln17 = write void @_ssdm_op_Write.ap_fifo.i32P0A, i32 %mul_ln31_1_out_out5, i32 %mul_ln31_1" [deform.cpp:17]   --->   Operation 60 'write' 'write_ln17' <Predicate = true> <Delay = 1.09> <CoreInst = "FIFO_SRL">   --->   Core 81 'FIFO_SRL' <Latency = 0> <II = 1> <Delay = 2.16> <Storage> <Opcode : 'read' 'write' 'nbread' 'nbwrite'> <Ports = 0> <Width = 32> <Depth = 2> <FIFO>
ST_10 : Operation 61 [1/1] (0.00ns)   --->   "%specinterface_ln0 = specinterface void @_ssdm_op_SpecInterface, i32 %mul_ln31_1_out_out6, void @ap_fifo_str, i32 0, i32 0, void @p_str, i32 0, i32 0, void @p_str, void @p_str, void @p_str, i32 2, i32 2, i32 16, i32 16, void @p_str, void @ScalarProp_str"   --->   Operation 61 'specinterface' 'specinterface_ln0' <Predicate = true> <Delay = 0.00>
ST_10 : Operation 62 [1/1] (1.09ns)   --->   "%write_ln17 = write void @_ssdm_op_Write.ap_fifo.i32P0A, i32 %mul_ln31_1_out_out6, i32 %mul_ln31_1" [deform.cpp:17]   --->   Operation 62 'write' 'write_ln17' <Predicate = true> <Delay = 1.09> <CoreInst = "FIFO_SRL">   --->   Core 81 'FIFO_SRL' <Latency = 0> <II = 1> <Delay = 2.16> <Storage> <Opcode : 'read' 'write' 'nbread' 'nbwrite'> <Ports = 0> <Width = 32> <Depth = 3> <FIFO>
ST_10 : Operation 63 [1/1] (0.00ns)   --->   "%specinterface_ln0 = specinterface void @_ssdm_op_SpecInterface, i12 %ret_V_cast_out_out, void @ap_fifo_str, i32 0, i32 0, void @p_str, i32 0, i32 0, void @p_str, void @p_str, void @p_str, i32 2, i32 2, i32 16, i32 16, void @p_str, void @ScalarProp_str"   --->   Operation 63 'specinterface' 'specinterface_ln0' <Predicate = true> <Delay = 0.00>
ST_10 : Operation 64 [1/1] (1.09ns)   --->   "%write_ln17 = write void @_ssdm_op_Write.ap_fifo.i12P0A, i12 %ret_V_cast_out_out, i12 %trunc_ln" [deform.cpp:17]   --->   Operation 64 'write' 'write_ln17' <Predicate = true> <Delay = 1.09> <CoreInst = "FIFO_SRL">   --->   Core 81 'FIFO_SRL' <Latency = 0> <II = 1> <Delay = 2.16> <Storage> <Opcode : 'read' 'write' 'nbread' 'nbwrite'> <Ports = 0> <Width = 12> <Depth = 2> <FIFO>
ST_10 : Operation 65 [1/1] (0.00ns)   --->   "%specinterface_ln0 = specinterface void @_ssdm_op_SpecInterface, i12 %ret_V_cast_out_out7, void @ap_fifo_str, i32 0, i32 0, void @p_str, i32 0, i32 0, void @p_str, void @p_str, void @p_str, i32 2, i32 2, i32 16, i32 16, void @p_str, void @ScalarProp_str"   --->   Operation 65 'specinterface' 'specinterface_ln0' <Predicate = true> <Delay = 0.00>
ST_10 : Operation 66 [1/1] (1.09ns)   --->   "%write_ln17 = write void @_ssdm_op_Write.ap_fifo.i12P0A, i12 %ret_V_cast_out_out7, i12 %trunc_ln" [deform.cpp:17]   --->   Operation 66 'write' 'write_ln17' <Predicate = true> <Delay = 1.09> <CoreInst = "FIFO_SRL">   --->   Core 81 'FIFO_SRL' <Latency = 0> <II = 1> <Delay = 2.16> <Storage> <Opcode : 'read' 'write' 'nbread' 'nbwrite'> <Ports = 0> <Width = 12> <Depth = 2> <FIFO>
ST_10 : Operation 67 [1/1] (0.00ns)   --->   "%specinterface_ln0 = specinterface void @_ssdm_op_SpecInterface, i12 %ret_V_cast_out_out8, void @ap_fifo_str, i32 0, i32 0, void @p_str, i32 0, i32 0, void @p_str, void @p_str, void @p_str, i32 2, i32 2, i32 16, i32 16, void @p_str, void @ScalarProp_str"   --->   Operation 67 'specinterface' 'specinterface_ln0' <Predicate = true> <Delay = 0.00>
ST_10 : Operation 68 [1/1] (1.09ns)   --->   "%write_ln17 = write void @_ssdm_op_Write.ap_fifo.i12P0A, i12 %ret_V_cast_out_out8, i12 %trunc_ln" [deform.cpp:17]   --->   Operation 68 'write' 'write_ln17' <Predicate = true> <Delay = 1.09> <CoreInst = "FIFO_SRL">   --->   Core 81 'FIFO_SRL' <Latency = 0> <II = 1> <Delay = 2.16> <Storage> <Opcode : 'read' 'write' 'nbread' 'nbwrite'> <Ports = 0> <Width = 12> <Depth = 3> <FIFO>
ST_10 : Operation 69 [1/1] (0.00ns)   --->   "%specinterface_ln0 = specinterface void @_ssdm_op_SpecInterface, i12 %ret_V_cast_out_out9, void @ap_fifo_str, i32 0, i32 0, void @p_str, i32 0, i32 0, void @p_str, void @p_str, void @p_str, i32 2, i32 2, i32 16, i32 16, void @p_str, void @ScalarProp_str"   --->   Operation 69 'specinterface' 'specinterface_ln0' <Predicate = true> <Delay = 0.00>
ST_10 : Operation 70 [1/1] (1.09ns)   --->   "%write_ln17 = write void @_ssdm_op_Write.ap_fifo.i12P0A, i12 %ret_V_cast_out_out9, i12 %trunc_ln" [deform.cpp:17]   --->   Operation 70 'write' 'write_ln17' <Predicate = true> <Delay = 1.09> <CoreInst = "FIFO_SRL">   --->   Core 81 'FIFO_SRL' <Latency = 0> <II = 1> <Delay = 2.16> <Storage> <Opcode : 'read' 'write' 'nbread' 'nbwrite'> <Ports = 0> <Width = 12> <Depth = 3> <FIFO>
ST_10 : Operation 71 [1/1] (0.00ns)   --->   "%specinterface_ln0 = specinterface void @_ssdm_op_SpecInterface, i12 %ret_V_cast_out_out10, void @ap_fifo_str, i32 0, i32 0, void @p_str, i32 0, i32 0, void @p_str, void @p_str, void @p_str, i32 2, i32 2, i32 16, i32 16, void @p_str, void @ScalarProp_str"   --->   Operation 71 'specinterface' 'specinterface_ln0' <Predicate = true> <Delay = 0.00>
ST_10 : Operation 72 [1/1] (1.09ns)   --->   "%write_ln17 = write void @_ssdm_op_Write.ap_fifo.i12P0A, i12 %ret_V_cast_out_out10, i12 %trunc_ln" [deform.cpp:17]   --->   Operation 72 'write' 'write_ln17' <Predicate = true> <Delay = 1.09> <CoreInst = "FIFO_SRL">   --->   Core 81 'FIFO_SRL' <Latency = 0> <II = 1> <Delay = 2.16> <Storage> <Opcode : 'read' 'write' 'nbread' 'nbwrite'> <Ports = 0> <Width = 12> <Depth = 3> <FIFO>
ST_10 : Operation 73 [1/1] (0.00ns)   --->   "%ret_ln17 = ret" [deform.cpp:17]   --->   Operation 73 'ret' 'ret_ln17' <Predicate = true> <Delay = 0.00>


============================================================
+ Verbose Summary: Timing violations
============================================================
Target clock period: 3ns, clock uncertainty: 0.81ns.

 <State 1>: 1.79ns
The critical path consists of the following:
	fifo read on port 'D' [27]  (1.1 ns)
	'mul' operation of DSP[42] ('mul_ln31', deform.cpp:31) [42]  (0.698 ns)

 <State 2>: 0.698ns
The critical path consists of the following:
	'mul' operation of DSP[42] ('mul_ln31', deform.cpp:31) [42]  (0.698 ns)

 <State 3>: 0.698ns
The critical path consists of the following:
	'mul' operation of DSP[42] ('mul_ln31', deform.cpp:31) [42]  (0.698 ns)

 <State 4>: 0ns
The critical path consists of the following:

 <State 5>: 2.02ns
The critical path consists of the following:
	'mul' operation ('mul_ln31_1', deform.cpp:31) [43]  (2.02 ns)

 <State 6>: 2.02ns
The critical path consists of the following:
	'mul' operation ('mul_ln31_1', deform.cpp:31) [43]  (2.02 ns)

 <State 7>: 2.02ns
The critical path consists of the following:
	'mul' operation ('mul_ln31_1', deform.cpp:31) [43]  (2.02 ns)

 <State 8>: 2.02ns
The critical path consists of the following:
	'mul' operation ('mul_ln31_1', deform.cpp:31) [43]  (2.02 ns)

 <State 9>: 2.02ns
The critical path consists of the following:
	'mul' operation ('mul_ln31_1', deform.cpp:31) [43]  (2.02 ns)

 <State 10>: 1.1ns
The critical path consists of the following:
	fifo write on port 'batch_out' (deform.cpp:17) [32]  (1.1 ns)


============================================================
+ Verbose Summary: Binding
============================================================
N/A
* FSMD analyzer results:
  - Output states:
 - Input state : 
  - Chain level:
	State 1
	State 2
	State 3
	State 4
	State 5
	State 6
	State 7
	State 8
	State 9
	State 10


============================================================
+ Verbose Summary: Datapath Resource usage 
============================================================
N/A
