

================================================================
== Vitis HLS Report for 'S2M_16_8_8_ap_int_128_ap_int_128_s'
================================================================
* Date:           Wed Feb 24 15:50:00 2021

* Version:        2020.2 (Build 3064766 on Wed Nov 18 09:12:47 MST 2020)
* Project:        batch
* Solution:       solution1 (Vivado IP Flow Target)
* Product family: zynquplus
* Target device:  xczu3eg-sbva484-1-i


================================================================
== Performance Estimates
================================================================
+ Timing: 
    * Summary: 
    +--------+---------+----------+------------+
    |  Clock |  Target | Estimated| Uncertainty|
    +--------+---------+----------+------------+
    |ap_clk  |  3.00 ns|  2.190 ns|     0.81 ns|
    +--------+---------+----------+------------+

+ Latency: 
    * Summary: 
    +---------+---------+----------+----------+-----+-----+---------+
    |  Latency (cycles) |  Latency (absolute) |  Interval | Pipeline|
    |   min   |   max   |    min   |    max   | min | max |   Type  |
    +---------+---------+----------+----------+-----+-----+---------+
    |        2|        ?|  6.000 ns|         ?|    2|    ?|     none|
    +---------+---------+----------+----------+-----+-----+---------+

    + Detail: 
        * Instance: 
        N/A

        * Loop: 
        +-------------------+---------+---------+----------+-----------+-----------+-------+----------+
        |                   |  Latency (cycles) | Iteration|  Initiation Interval  |  Trip |          |
        |     Loop Name     |   min   |   max   |  Latency |  achieved |   target  | Count | Pipelined|
        +-------------------+---------+---------+----------+-----------+-----------+-------+----------+
        |- VITIS_LOOP_91_1  |        2|        ?|         3|          1|          1|  1 ~ ?|       yes|
        +-------------------+---------+---------+----------+-----------+-----------+-------+----------+

============================================================
+ Verbose Summary: Synthesis Manager
============================================================
InlineROM: 1
ExposeGlobal: 0
============================================================
+ Verbose Summary: CDFG Model
============================================================
IsTopModel: 0
ResetActiveHigh: 1
IsCombinational: 2
IsDatapathOnly: 0
HasWiredReturn: 1
HasMFsm: 0
HasVarLatency: 1
IsPipeline: 0
IsRtlPipelined: 0
IsInstanceOverlapped: 0
IsDontTouch: 0
HasImplIP: 0
IsGatedGlobalClock: 0

+ Individual pipeline summary: 
  * Pipeline-0: initiation interval (II) = 1, depth = 3


============================================================
+ Verbose Summary: Schedule
============================================================
* Number of FSM states : 10
* Pipeline : 1
  Pipeline-0 : II = 1, D = 3, States = { 3 4 5 }
* Dataflow Pipeline: 0

* FSM state transitions: 
1 --> 2 
2 --> 10 3 
3 --> 6 4 
4 --> 5 
5 --> 3 
6 --> 7 
7 --> 8 
8 --> 9 
9 --> 10 
10 --> 

* FSM state operations: 

State 1 <SV = 0> <Delay = 2.16>
ST_1 : Operation 11 [1/1] (1.09ns)   --->   "%out_read = read i64 @_ssdm_op_Read.ap_fifo.i64P0A, i64 %out_r" [./dma.h:89->deform.cpp:169]   --->   Operation 11 'read' 'out_read' <Predicate = true> <Delay = 1.09> <CoreInst = "FIFO_SRL">   --->   Core 81 'FIFO_SRL' <Latency = 0> <II = 1> <Delay = 2.16> <Storage> <Opcode : 'read' 'write' 'nbread' 'nbwrite'> <Ports = 0> <Width = 64> <Depth = 10> <FIFO>
ST_1 : Operation 12 [1/1] (1.09ns)   --->   "%select_ln169_loc_read = read i29 @_ssdm_op_Read.ap_fifo.i29P0A, i29 %select_ln169_loc"   --->   Operation 12 'read' 'select_ln169_loc_read' <Predicate = true> <Delay = 1.09> <CoreInst = "FIFO_SRL">   --->   Core 81 'FIFO_SRL' <Latency = 0> <II = 1> <Delay = 2.13> <Storage> <Opcode : 'read' 'write' 'nbread' 'nbwrite'> <Ports = 0> <Width = 29> <Depth = 8> <FIFO>
ST_1 : Operation 13 [1/1] (1.06ns)   --->   "%icmp_ln91 = icmp_sgt  i29 %select_ln169_loc_read, i29 0" [./dma.h:91->deform.cpp:169]   --->   Operation 13 'icmp' 'icmp_ln91' <Predicate = true> <Delay = 1.06> <CoreInst = "Cmp">   --->   Core 9 'Cmp' <Latency = 0> <II = 1> <Delay = 1.06> <FuncUnit> <Opcode : 'icmp'> <InPorts = 2> <OutPorts = 1>

State 2 <SV = 1> <Delay = 2.19>
ST_2 : Operation 14 [1/1] (0.00ns)   --->   "%specinterface_ln0 = specinterface void @_ssdm_op_SpecInterface, i128 %s_mem, void @empty_34, i32 0, i32 0, void @empty_18, i32 0, i32 0, void @empty_18, void @empty_18, void @empty_18, i32 0, i32 0, i32 0, i32 0, void @empty_18, void @empty_18"   --->   Operation 14 'specinterface' 'specinterface_ln0' <Predicate = true> <Delay = 0.00>
ST_2 : Operation 15 [1/1] (0.00ns)   --->   "%specinterface_ln0 = specinterface void @_ssdm_op_SpecInterface, i128 %gmem1, void @empty_27, i32 0, i32 0, void @empty_18, i32 0, i32 2, void @empty_1, void @empty_5, void @empty_18, i32 16, i32 16, i32 16, i32 16, void @empty_18, void @empty_18"   --->   Operation 15 'specinterface' 'specinterface_ln0' <Predicate = true> <Delay = 0.00>
ST_2 : Operation 16 [1/1] (0.00ns)   --->   "%specinterface_ln0 = specinterface void @_ssdm_op_SpecInterface, i64 %out_r, void @ap_fifo_str, i32 0, i32 0, void @p_str, i32 0, i32 0, void @p_str, void @p_str, void @p_str, i32 2, i32 2, i32 16, i32 16, void @p_str, void @ScalarProp_str"   --->   Operation 16 'specinterface' 'specinterface_ln0' <Predicate = true> <Delay = 0.00>
ST_2 : Operation 17 [1/1] (0.00ns)   --->   "%specinterface_ln0 = specinterface void @_ssdm_op_SpecInterface, i29 %select_ln169_loc, void @ap_fifo_str, i32 0, i32 0, void @p_str, i32 0, i32 0, void @p_str, void @p_str, void @p_str, i32 2, i32 2, i32 16, i32 16, void @p_str, void @ScalarProp_str"   --->   Operation 17 'specinterface' 'specinterface_ln0' <Predicate = true> <Delay = 0.00>
ST_2 : Operation 18 [1/1] (0.00ns)   --->   "%REP_cast_i_i = sext i29 %select_ln169_loc_read"   --->   Operation 18 'sext' 'REP_cast_i_i' <Predicate = true> <Delay = 0.00>
ST_2 : Operation 19 [1/1] (0.00ns)   --->   "%specinterface_ln0 = specinterface void @_ssdm_op_SpecInterface, i128 %s_mem, void @empty_34, i32 0, i32 0, void @empty_18, i32 0, i32 0, void @empty_18, void @empty_18, void @empty_18, i32 0, i32 0, i32 0, i32 0, void @empty_18, void @empty_18"   --->   Operation 19 'specinterface' 'specinterface_ln0' <Predicate = true> <Delay = 0.00>
ST_2 : Operation 20 [1/1] (0.00ns)   --->   "%specinterface_ln0 = specinterface void @_ssdm_op_SpecInterface, i128 %gmem1, void @empty_27, i32 0, i32 0, void @empty_18, i32 0, i32 2, void @empty_1, void @empty_5, void @empty_18, i32 16, i32 16, i32 16, i32 16, void @empty_18, void @empty_18"   --->   Operation 20 'specinterface' 'specinterface_ln0' <Predicate = true> <Delay = 0.00>
ST_2 : Operation 21 [1/1] (0.00ns)   --->   "%br_ln91 = br i1 %icmp_ln91, void %.exit, void %.lr.ph.i.i" [./dma.h:91->deform.cpp:169]   --->   Operation 21 'br' 'br_ln91' <Predicate = true> <Delay = 0.00>
ST_2 : Operation 22 [1/1] (0.00ns)   --->   "%trunc_ln91 = trunc i29 %select_ln169_loc_read" [./dma.h:91->deform.cpp:169]   --->   Operation 22 'trunc' 'trunc_ln91' <Predicate = (icmp_ln91)> <Delay = 0.00>
ST_2 : Operation 23 [1/1] (0.00ns)   --->   "%trunc_ln91_1 = partselect i60 @_ssdm_op_PartSelect.i60.i64.i32.i32, i64 %out_read, i32 4, i32 63" [./dma.h:91->deform.cpp:169]   --->   Operation 23 'partselect' 'trunc_ln91_1' <Predicate = (icmp_ln91)> <Delay = 0.00>
ST_2 : Operation 24 [1/1] (0.00ns)   --->   "%sext_ln91 = sext i60 %trunc_ln91_1" [./dma.h:91->deform.cpp:169]   --->   Operation 24 'sext' 'sext_ln91' <Predicate = (icmp_ln91)> <Delay = 0.00>
ST_2 : Operation 25 [1/1] (0.00ns)   --->   "%gmem1_addr = getelementptr i128 %gmem1, i64 %sext_ln91" [./dma.h:91->deform.cpp:169]   --->   Operation 25 'getelementptr' 'gmem1_addr' <Predicate = (icmp_ln91)> <Delay = 0.00>
ST_2 : Operation 26 [1/1] (2.19ns)   --->   "%empty = writereq i1 @_ssdm_op_WriteReq.m_axi.p1i128, i128 %gmem1_addr, i32 %REP_cast_i_i" [./dma.h:91->deform.cpp:169]   --->   Operation 26 'writereq' 'empty' <Predicate = (icmp_ln91)> <Delay = 2.19> <CoreInst = "m_axi">   --->   Core 121 'm_axi' <Latency = 6> <II = 1> <Delay = 1.00> <Adapter> <Opcode : 'read' 'write' 'readreq' 'writereq' 'writeresp'>
ST_2 : Operation 27 [1/1] (0.48ns)   --->   "%br_ln91 = br void" [./dma.h:91->deform.cpp:169]   --->   Operation 27 'br' 'br_ln91' <Predicate = (icmp_ln91)> <Delay = 0.48>

State 3 <SV = 2> <Delay = 1.15>
ST_3 : Operation 28 [1/1] (0.00ns)   --->   "%rep = phi i28 %add_ln91, void %.split2.i.i, i28 0, void %.lr.ph.i.i" [./dma.h:91->deform.cpp:169]   --->   Operation 28 'phi' 'rep' <Predicate = true> <Delay = 0.00>
ST_3 : Operation 29 [1/1] (1.15ns)   --->   "%add_ln91 = add i28 %rep, i28 1" [./dma.h:91->deform.cpp:169]   --->   Operation 29 'add' 'add_ln91' <Predicate = true> <Delay = 1.15> <CoreInst = "Adder">   --->   Core 1 'Adder' <Latency = 0> <II = 1> <Delay = 1.15> <FuncUnit> <Opcode : 'add' 'sub'> <InPorts = 2> <OutPorts = 1>
ST_3 : Operation 30 [1/1] (1.04ns)   --->   "%icmp_ln91_1 = icmp_eq  i28 %rep, i28 %trunc_ln91" [./dma.h:91->deform.cpp:169]   --->   Operation 30 'icmp' 'icmp_ln91_1' <Predicate = true> <Delay = 1.04> <CoreInst = "Cmp">   --->   Core 9 'Cmp' <Latency = 0> <II = 1> <Delay = 1.06> <FuncUnit> <Opcode : 'icmp'> <InPorts = 2> <OutPorts = 1>
ST_3 : Operation 31 [1/1] (0.00ns)   --->   "%empty_944 = speclooptripcount i32 @_ssdm_op_SpecLoopTripCount, i64 1, i64 18446744073709551615, i64 0"   --->   Operation 31 'speclooptripcount' 'empty_944' <Predicate = true> <Delay = 0.00>
ST_3 : Operation 32 [1/1] (0.00ns)   --->   "%br_ln91 = br i1 %icmp_ln91_1, void %.split2.i.i, void %._crit_edge.loopexit.i.i" [./dma.h:91->deform.cpp:169]   --->   Operation 32 'br' 'br_ln91' <Predicate = true> <Delay = 0.00>

State 4 <SV = 3> <Delay = 1.09>
ST_4 : Operation 33 [1/1] (1.09ns)   --->   "%s_read_V = read i128 @_ssdm_op_Read.ap_fifo.volatile.i128P0A, i128 %s_mem" [/usr/vitis/Vitis_HLS/2020.2/common/technology/autopilot/hls_stream_39.h:145]   --->   Operation 33 'read' 's_read_V' <Predicate = (!icmp_ln91_1)> <Delay = 1.09> <CoreInst = "FIFO_SRL">   --->   Core 81 'FIFO_SRL' <Latency = 0> <II = 1> <Delay = 2.16> <Storage> <Opcode : 'read' 'write' 'nbread' 'nbwrite'> <Ports = 0> <Width = 128> <Depth = 2> <FIFO>

State 5 <SV = 4> <Delay = 2.19>
ST_5 : Operation 34 [1/1] (0.00ns)   --->   "%specpipeline_ln94 = specpipeline void @_ssdm_op_SpecPipeline, i32 1, i32 0, i32 0, i32 0, void @empty_18" [./dma.h:94->deform.cpp:169]   --->   Operation 34 'specpipeline' 'specpipeline_ln94' <Predicate = (!icmp_ln91_1)> <Delay = 0.00>
ST_5 : Operation 35 [1/1] (0.00ns)   --->   "%specloopname_ln94 = specloopname void @_ssdm_op_SpecLoopName, void @empty_4" [./dma.h:94->deform.cpp:169]   --->   Operation 35 'specloopname' 'specloopname_ln94' <Predicate = (!icmp_ln91_1)> <Delay = 0.00>
ST_5 : Operation 36 [1/1] (2.19ns)   --->   "%write_ln98 = write void @_ssdm_op_Write.m_axi.p1i128, i128 %gmem1_addr, i128 %s_read_V, i16 65535" [./dma.h:98->deform.cpp:169]   --->   Operation 36 'write' 'write_ln98' <Predicate = (!icmp_ln91_1)> <Delay = 2.19> <CoreInst = "m_axi">   --->   Core 121 'm_axi' <Latency = 5> <II = 1> <Delay = 1.00> <Adapter> <Opcode : 'read' 'write' 'readreq' 'writereq' 'writeresp'>
ST_5 : Operation 37 [1/1] (0.00ns)   --->   "%br_ln0 = br void"   --->   Operation 37 'br' 'br_ln0' <Predicate = (!icmp_ln91_1)> <Delay = 0.00>

State 6 <SV = 3> <Delay = 2.19>
ST_6 : Operation 38 [5/5] (2.19ns)   --->   "%empty_945 = writeresp i1 @_ssdm_op_WriteResp.m_axi.p1i128, i128 %gmem1_addr" [./dma.h:100->deform.cpp:169]   --->   Operation 38 'writeresp' 'empty_945' <Predicate = true> <Delay = 2.19> <CoreInst = "m_axi">   --->   Core 121 'm_axi' <Latency = 6> <II = 1> <Delay = 1.00> <Adapter> <Opcode : 'read' 'write' 'readreq' 'writereq' 'writeresp'>

State 7 <SV = 4> <Delay = 2.19>
ST_7 : Operation 39 [4/5] (2.19ns)   --->   "%empty_945 = writeresp i1 @_ssdm_op_WriteResp.m_axi.p1i128, i128 %gmem1_addr" [./dma.h:100->deform.cpp:169]   --->   Operation 39 'writeresp' 'empty_945' <Predicate = true> <Delay = 2.19> <CoreInst = "m_axi">   --->   Core 121 'm_axi' <Latency = 6> <II = 1> <Delay = 1.00> <Adapter> <Opcode : 'read' 'write' 'readreq' 'writereq' 'writeresp'>

State 8 <SV = 5> <Delay = 2.19>
ST_8 : Operation 40 [3/5] (2.19ns)   --->   "%empty_945 = writeresp i1 @_ssdm_op_WriteResp.m_axi.p1i128, i128 %gmem1_addr" [./dma.h:100->deform.cpp:169]   --->   Operation 40 'writeresp' 'empty_945' <Predicate = true> <Delay = 2.19> <CoreInst = "m_axi">   --->   Core 121 'm_axi' <Latency = 6> <II = 1> <Delay = 1.00> <Adapter> <Opcode : 'read' 'write' 'readreq' 'writereq' 'writeresp'>

State 9 <SV = 6> <Delay = 2.19>
ST_9 : Operation 41 [2/5] (2.19ns)   --->   "%empty_945 = writeresp i1 @_ssdm_op_WriteResp.m_axi.p1i128, i128 %gmem1_addr" [./dma.h:100->deform.cpp:169]   --->   Operation 41 'writeresp' 'empty_945' <Predicate = true> <Delay = 2.19> <CoreInst = "m_axi">   --->   Core 121 'm_axi' <Latency = 6> <II = 1> <Delay = 1.00> <Adapter> <Opcode : 'read' 'write' 'readreq' 'writereq' 'writeresp'>

State 10 <SV = 7> <Delay = 2.19>
ST_10 : Operation 42 [1/5] (2.19ns)   --->   "%empty_945 = writeresp i1 @_ssdm_op_WriteResp.m_axi.p1i128, i128 %gmem1_addr" [./dma.h:100->deform.cpp:169]   --->   Operation 42 'writeresp' 'empty_945' <Predicate = (icmp_ln91)> <Delay = 2.19> <CoreInst = "m_axi">   --->   Core 121 'm_axi' <Latency = 6> <II = 1> <Delay = 1.00> <Adapter> <Opcode : 'read' 'write' 'readreq' 'writereq' 'writeresp'>
ST_10 : Operation 43 [1/1] (0.00ns)   --->   "%br_ln100 = br void %.exit" [./dma.h:100->deform.cpp:169]   --->   Operation 43 'br' 'br_ln100' <Predicate = (icmp_ln91)> <Delay = 0.00>
ST_10 : Operation 44 [1/1] (0.00ns)   --->   "%ret_ln0 = ret"   --->   Operation 44 'ret' 'ret_ln0' <Predicate = true> <Delay = 0.00>


============================================================
+ Verbose Summary: Timing violations
============================================================
Target clock period: 3ns, clock uncertainty: 0.81ns.

 <State 1>: 2.16ns
The critical path consists of the following:
	fifo read on port 'select_ln169_loc' [10]  (1.1 ns)
	'icmp' operation ('icmp_ln91', ./dma.h:91->deform.cpp:169) [14]  (1.07 ns)

 <State 2>: 2.19ns
The critical path consists of the following:
	bus request on port 'gmem1' (./dma.h:91->deform.cpp:169) [21]  (2.19 ns)

 <State 3>: 1.16ns
The critical path consists of the following:
	'phi' operation ('rep', ./dma.h:91->deform.cpp:169) with incoming values : ('add_ln91', ./dma.h:91->deform.cpp:169) [24]  (0 ns)
	'add' operation ('add_ln91', ./dma.h:91->deform.cpp:169) [25]  (1.16 ns)

 <State 4>: 1.1ns
The critical path consists of the following:
	fifo read on port 's_mem' (/usr/vitis/Vitis_HLS/2020.2/common/technology/autopilot/hls_stream_39.h:145) [32]  (1.1 ns)

 <State 5>: 2.19ns
The critical path consists of the following:
	bus write on port 'gmem1' (./dma.h:98->deform.cpp:169) [33]  (2.19 ns)

 <State 6>: 2.19ns
The critical path consists of the following:
	bus response on port 'gmem1' (./dma.h:100->deform.cpp:169) [36]  (2.19 ns)

 <State 7>: 2.19ns
The critical path consists of the following:
	bus response on port 'gmem1' (./dma.h:100->deform.cpp:169) [36]  (2.19 ns)

 <State 8>: 2.19ns
The critical path consists of the following:
	bus response on port 'gmem1' (./dma.h:100->deform.cpp:169) [36]  (2.19 ns)

 <State 9>: 2.19ns
The critical path consists of the following:
	bus response on port 'gmem1' (./dma.h:100->deform.cpp:169) [36]  (2.19 ns)

 <State 10>: 2.19ns
The critical path consists of the following:
	bus response on port 'gmem1' (./dma.h:100->deform.cpp:169) [36]  (2.19 ns)


============================================================
+ Verbose Summary: Binding
============================================================
N/A
* FSMD analyzer results:
  - Output states:
 - Input state : 
  - Chain level:
	State 1
	State 2
	State 3
	State 4
	State 5
	State 6
	State 7
	State 8
	State 9
	State 10


============================================================
+ Verbose Summary: Datapath Resource usage 
============================================================
N/A
