Function:_Z16filter11x11_strmiiRN3hls6streamIjLi0EEES2_ ---> FID:1
Function:_ZL16convolution_strmIjLi11EEviiRN3hls6streamIT_Li0EEES4_PKS2_S6_ ---> FID:2
CFGHierUserfilelist:[/home/bill/workspace/vitis_hls_examples/HLS-Tiny-Tutorials/algorithm_2D_convolution_linebuffer/convolution_test.cpp /home/bill/workspace/vitis_hls_examples/HLS-Tiny-Tutorials/algorithm_2D_convolution_linebuffer/convolution.cpp]
TopFunctionName:filter11x11_strm
Writing 'callgraphDemangle.dot'...Function:_Z16filter11x11_strmiiRN3hls6streamIjLi0EEES2_ ---> FID:1
Function:_ZL16convolution_strmIjLi11EEviiRN3hls6streamIT_Li0EEES4_PKS2_S6_ ---> FID:2

Writing 'cfg__GLOBAL__sub_I_convolution_test.cpp_csim.dot'...
Writing 'cfg___cxx_global_var_init_csim.dot'...
Writing 'cfg_main_csim.dot'...Function:_Z16filter11x11_strmiiRN3hls6streamIjLi0EEES2_ ---> FID:1

Writing 'cfg__ZN3hls6streamIjLi0EEC2EPKc_csim.dot'...
Writing 'cfg__ZN3hls6streamIjLi0EElsERKj_csim.dot'...
Writing 'cfg__ZN3hls6streamIjLi0EE4readEv_csim.dot'...
Writing 'cfg__ZN3hls6streamIjLi0EED2Ev_csim.dot'...
Writing 'cfg__ZN3hls10stream_mapILm4EE9deque_mapEv_csim.dot'...
Writing 'cfg__ZNSt13unordered_mapIPvSt5dequeISt5arrayIcLm4EESaIS3_EESt4hashIS0_ESt8equal_toIS0_ESaISt4pairIKS0_S5_EEEixEOS0__csim.dot'...
Writing 'cfg__ZNKSt5dequeISt5arrayIcLm4EESaIS1_EE5emptyEv_csim.dot'...
Writing 'cfg__ZN3hls10stream_mapILm4EE8name_mapB5cxx11Ev_csim.dot'...
Writing 'cfg__ZNSt13unordered_mapIPvNSt7__cxx1112basic_stringIcSt11char_traitsIcESaIcEEESt4hashIS0_ESt8equal_toIS0_ESaISt4pairIKS0_S6_EEEixEOS0__csim.dot'...
Writing 'cfg__ZSt4moveIRPvEONSt16remove_referenceIT_E4typeEOS3__csim.dot'...
Writing 'cfg__ZNSt8__detail9_Map_baseIPvSt4pairIKS1_NSt7__cxx1112basic_stringIcSt11char_traitsIcESaIcEEEESaISA_ENS_10_Select1stESt8equal_toIS1_ESt4hashIS1_ENS_18_Mod_range_hashingENS_20_Default_ranged_hashENS_20_Prime_rehash_policyENS_17_Hashtable_traitsILb0ELb0ELb1EEELb1EEixEOS1__csim.dot'...  error opening file for writing!
Writing 'cfg__ZNKSt8__detail15_Hash_code_baseIPvSt4pairIKS1_NSt7__cxx1112basic_stringIcSt11char_traitsIcESaIcEEEENS_10_Select1stESt4hashIS1_ENS_18_Mod_range_hashingENS_20_Default_ranged_hashELb0EE12_M_hash_codeERS3__csim.dot'...
Writing 'cfg__ZNKSt10_HashtableIPvSt4pairIKS0_NSt7__cxx1112basic_stringIcSt11char_traitsIcESaIcEEEESaIS9_ENSt8__detail10_Select1stESt8equal_toIS0_ESt4hashIS0_ENSB_18_Mod_range_hashingENSB_20_Default_ranged_hashENSB_20_Prime_rehash_policyENSB_17_Hashtable_traitsILb0ELb0ELb1EEEE15_M_bucket_indexERS2_m_csim.dot'...  error opening file for writing!
Writing 'cfg__ZNKSt10_HashtableIPvSt4pairIKS0_NSt7__cxx1112basic_stringIcSt11char_traitsIcESaIcEEEESaIS9_ENSt8__detail10_Select1stESt8equal_toIS0_ESt4hashIS0_ENSB_18_Mod_range_hashingENSB_20_Default_ranged_hashENSB_20_Prime_rehash_policyENSB_17_Hashtable_traitsILb0ELb0ELb1EEEE12_M_find_nodeEmRS2_m_csim.dot'...  error opening file for writing!
Writing 'cfg__ZSt16forward_as_tupleIJPvEESt5tupleIJDpOT_EES4__csim.dot'...
Writing 'cfg__ZNSt8__detail16_Hashtable_allocISaINS_10_Hash_nodeISt4pairIKPvNSt7__cxx1112basic_stringIcSt11char_traitsIcESaIcEEEELb0EEEEE16_M_allocate_nodeIJRKSt21piecewise_construct_tSt5tupleIJOS3_EESJ_IJEEEEEPSC_DpOT__csim.dot'...
Writing 'cfg__ZNSt10_HashtableIPvSt4pairIKS0_NSt7__cxx1112basic_stringIcSt11char_traitsIcESaIcEEEESaIS9_ENSt8__detail10_Select1stESt8equal_toIS0_ESt4hashIS0_ENSB_18_Mod_range_hashingENSB_20_Default_ranged_hashENSB_20_Prime_rehash_policyENSB_17_Hashtable_traitsILb0ELb0ELb1EEEE21_M_insert_unique_nodeEmmPNSB_10_Hash_nodeIS9_Lb0EEE_csim.dot'...  error opening file for writing!
Writing 'cfg__ZNKSt8__detail14_Node_iteratorISt4pairIKPvNSt7__cxx1112basic_stringIcSt11char_traitsIcESaIcEEEELb0ELb0EEptEv_csim.dot'...
Writing 'cfg__ZNSt8__detail21_Hash_node_value_baseISt4pairIKPvNSt7__cxx1112basic_stringIcSt11char_traitsIcESaIcEEEEE4_M_vEv_csim.dot'...
Writing 'cfg__ZNSt8__detail21_Hash_node_value_baseISt4pairIKPvNSt7__cxx1112basic_stringIcSt11char_traitsIcESaIcEEEEE9_M_valptrEv_csim.dot'...
Writing 'cfg__ZN9__gnu_cxx16__aligned_bufferISt4pairIKPvNSt7__cxx1112basic_stringIcSt11char_traitsIcESaIcEEEEE6_M_ptrEv_csim.dot'...
Writing 'cfg__ZN9__gnu_cxx16__aligned_bufferISt4pairIKPvNSt7__cxx1112basic_stringIcSt11char_traitsIcESaIcEEEEE7_M_addrEv_csim.dot'...
Writing 'cfg__ZNKSt8__detail20_Prime_rehash_policy8_M_stateEv_csim.dot'...
Writing 'cfg__ZNSt10_HashtableIPvSt4pairIKS0_NSt7__cxx1112basic_stringIcSt11char_traitsIcESaIcEEEESaIS9_ENSt8__detail10_Select1stESt8equal_toIS0_ESt4hashIS0_ENSB_18_Mod_range_hashingENSB_20_Default_ranged_hashENSB_20_Prime_rehash_policyENSB_17_Hashtable_traitsILb0ELb0ELb1EEEE9_M_rehashEmRKm_csim.dot'...  error opening file for writing!
Writing 'cfg__ZNSt8__detail15_Hash_code_baseIPvSt4pairIKS1_NSt7__cxx1112basic_stringIcSt11char_traitsIcESaIcEEEENS_10_Select1stESt4hashIS1_ENS_18_Mod_range_hashingENS_20_Default_ranged_hashELb0EE10_M_extractEv_csim.dot'...
Writing 'cfg__ZNKSt8__detail10_Select1stclIRSt4pairIKPvNSt7__cxx1112basic_stringIcSt11char_traitsIcESaIcEEEEEEDTclsr3stdE3getIXLi0EEEclsr3stdE7forwardIT_Efp_EEEOSD__csim.dot'...
Writing 'cfg__ZNKSt8__detail15_Hash_code_baseIPvSt4pairIKS1_NSt7__cxx1112basic_stringIcSt11char_traitsIcESaIcEEEENS_10_Select1stESt4hashIS1_ENS_18_Mod_range_hashingENS_20_Default_ranged_hashELb0EE13_M_store_codeEPNS_10_Hash_nodeISA_Lb0EEEm_csim.dot'...
Writing 'cfg__ZNSt10_HashtableIPvSt4pairIKS0_NSt7__cxx1112basic_stringIcSt11char_traitsIcESaIcEEEESaIS9_ENSt8__detail10_Select1stESt8equal_toIS0_ESt4hashIS0_ENSB_18_Mod_range_hashingENSB_20_Default_ranged_hashENSB_20_Prime_rehash_policyENSB_17_Hashtable_traitsILb0ELb0ELb1EEEE22_M_insert_bucket_beginEmPNSB_10_Hash_nodeIS9_Lb0EEE_csim.dot'...  error opening file for writing!
Writing 'cfg__ZNSt8__detail14_Node_iteratorISt4pairIKPvNSt7__cxx1112basic_stringIcSt11char_traitsIcESaIcEEEELb0ELb0EEC2EPNS_10_Hash_nodeISA_Lb0EEE_csim.dot'...
Writing 'cfg__ZNSt8__detail19_Node_iterator_baseISt4pairIKPvNSt7__cxx1112basic_stringIcSt11char_traitsIcESaIcEEEELb0EEC2EPNS_10_Hash_nodeISA_Lb0EEE_csim.dot'...
Writing 'cfg__ZNKSt8__detail10_Hash_nodeISt4pairIKPvNSt7__cxx1112basic_stringIcSt11char_traitsIcESaIcEEEELb0EE7_M_nextEv_csim.dot'...
Writing 'cfg__ZNKSt10_HashtableIPvSt4pairIKS0_NSt7__cxx1112basic_stringIcSt11char_traitsIcESaIcEEEESaIS9_ENSt8__detail10_Select1stESt8equal_toIS0_ESt4hashIS0_ENSB_18_Mod_range_hashingENSB_20_Default_ranged_hashENSB_20_Prime_rehash_policyENSB_17_Hashtable_traitsILb0ELb0ELb1EEEE15_M_bucket_indexEPNSB_10_Hash_nodeIS9_Lb0EEE_csim.dot'...  error opening file for writing!
Writing 'cfg__ZNKSt8__detail15_Hash_code_baseIPvSt4pairIKS1_NSt7__cxx1112basic_stringIcSt11char_traitsIcESaIcEEEENS_10_Select1stESt4hashIS1_ENS_18_Mod_range_hashingENS_20_Default_ranged_hashELb0EE15_M_bucket_indexEPKNS_10_Hash_nodeISA_Lb0EEEm_csim.dot'...
Writing 'cfg__ZNKSt8__detail15_Hash_code_baseIPvSt4pairIKS1_NSt7__cxx1112basic_stringIcSt11char_traitsIcESaIcEEEENS_10_Select1stESt4hashIS1_ENS_18_Mod_range_hashingENS_20_Default_ranged_hashELb0EE5_M_h2Ev_csim.dot'...
Writing 'cfg__ZNKSt8__detail15_Hash_code_baseIPvSt4pairIKS1_NSt7__cxx1112basic_stringIcSt11char_traitsIcESaIcEEEENS_10_Select1stESt4hashIS1_ENS_18_Mod_range_hashingENS_20_Default_ranged_hashELb0EE5_M_h1Ev_csim.dot'...
Writing 'cfg__ZNKSt8__detail15_Hash_code_baseIPvSt4pairIKS1_NSt7__cxx1112basic_stringIcSt11char_traitsIcESaIcEEEENS_10_Select1stESt4hashIS1_ENS_18_Mod_range_hashingENS_20_Default_ranged_hashELb0EE10_M_extractEv_csim.dot'...
Writing 'cfg__ZNKSt8__detail21_Hash_node_value_baseISt4pairIKPvNSt7__cxx1112basic_stringIcSt11char_traitsIcESaIcEEEEE4_M_vEv_csim.dot'...
Writing 'cfg__ZNKSt8__detail10_Select1stclIRKSt4pairIKPvNSt7__cxx1112basic_stringIcSt11char_traitsIcESaIcEEEEEEDTclsr3stdE3getIXLi0EEEclsr3stdE7forwardIT_Efp_EEEOSE__csim.dot'...
Writing 'cfg__ZNKSt4hashIPvEclES0__csim.dot'...
Writing 'cfg__ZNKSt8__detail18_Mod_range_hashingclEmm_csim.dot'...
Writing 'cfg__ZSt7forwardIRKSt4pairIKPvNSt7__cxx1112basic_stringIcSt11char_traitsIcESaIcEEEEEOT_RNSt16remove_referenceISC_E4typeE_csim.dot'...
Writing 'cfg__ZSt3getILm0EKPvNSt7__cxx1112basic_stringIcSt11char_traitsIcESaIcEEEERKNSt13tuple_elementIXT_ESt4pairIT0_T1_EE4typeERKSC__csim.dot'...
Writing 'cfg__ZNSt10__pair_getILm0EE11__const_getIKPvNSt7__cxx1112basic_stringIcSt11char_traitsIcESaIcEEEEERKT_RKSt4pairISA_T0_E_csim.dot'...
Writing 'cfg__ZNKSt8__detail21_Hash_node_value_baseISt4pairIKPvNSt7__cxx1112basic_stringIcSt11char_traitsIcESaIcEEEEE9_M_valptrEv_csim.dot'...
Writing 'cfg__ZNK9__gnu_cxx16__aligned_bufferISt4pairIKPvNSt7__cxx1112basic_stringIcSt11char_traitsIcESaIcEEEEE6_M_ptrEv_csim.dot'...
Writing 'cfg__ZNK9__gnu_cxx16__aligned_bufferISt4pairIKPvNSt7__cxx1112basic_stringIcSt11char_traitsIcESaIcEEEEE7_M_addrEv_csim.dot'...
Writing 'cfg__ZNSt8__detail21_Hashtable_ebo_helperILi0ENS_10_Select1stELb1EE7_S_cgetERKS2__csim.dot'...
Writing 'cfg__ZNSt8__detail21_Hashtable_ebo_helperILi1ESt4hashIPvELb1EE7_S_cgetERKS4__csim.dot'...
Writing 'cfg__ZNSt8__detail21_Hashtable_ebo_helperILi2ENS_18_Mod_range_hashingELb1EE7_S_cgetERKS2__csim.dot'...
Writing 'cfg__ZSt7forwardIRSt4pairIKPvNSt7__cxx1112basic_stringIcSt11char_traitsIcESaIcEEEEEOT_RNSt16remove_referenceISB_E4typeE_csim.dot'...
Writing 'cfg__ZSt3getILm0EKPvNSt7__cxx1112basic_stringIcSt11char_traitsIcESaIcEEEERNSt13tuple_elementIXT_ESt4pairIT0_T1_EE4typeERSC__csim.dot'...
Writing 'cfg__ZNSt10__pair_getILm0EE5__getIKPvNSt7__cxx1112basic_stringIcSt11char_traitsIcESaIcEEEEERT_RSt4pairISA_T0_E_csim.dot'...
Writing 'cfg__ZNSt8__detail21_Hashtable_ebo_helperILi0ENS_10_Select1stELb1EE6_S_getERS2__csim.dot'...
Writing 'cfg__ZNSt10_HashtableIPvSt4pairIKS0_NSt7__cxx1112basic_stringIcSt11char_traitsIcESaIcEEEESaIS9_ENSt8__detail10_Select1stESt8equal_toIS0_ESt4hashIS0_ENSB_18_Mod_range_hashingENSB_20_Default_ranged_hashENSB_20_Prime_rehash_policyENSB_17_Hashtable_traitsILb0ELb0ELb1EEEE13_M_rehash_auxEmSt17integral_constantIbLb1EE_csim.dot'...  error opening file for writing!
Writing 'cfg__ZNSt10_HashtableIPvSt4pairIKS0_NSt7__cxx1112basic_stringIcSt11char_traitsIcESaIcEEEESaIS9_ENSt8__detail10_Select1stESt8equal_toIS0_ESt4hashIS0_ENSB_18_Mod_range_hashingENSB_20_Default_ranged_hashENSB_20_Prime_rehash_policyENSB_17_Hashtable_traitsILb0ELb0ELb1EEEE19_M_allocate_bucketsEm_csim.dot'...  error opening file for writing!
Writing 'cfg__ZNKSt10_HashtableIPvSt4pairIKS0_NSt7__cxx1112basic_stringIcSt11char_traitsIcESaIcEEEESaIS9_ENSt8__detail10_Select1stESt8equal_toIS0_ESt4hashIS0_ENSB_18_Mod_range_hashingENSB_20_Default_ranged_hashENSB_20_Prime_rehash_policyENSB_17_Hashtable_traitsILb0ELb0ELb1EEEE8_M_beginEv_csim.dot'...  error opening file for writing!
Writing 'cfg__ZNSt10_HashtableIPvSt4pairIKS0_NSt7__cxx1112basic_stringIcSt11char_traitsIcESaIcEEEESaIS9_ENSt8__detail10_Select1stESt8equal_toIS0_ESt4hashIS0_ENSB_18_Mod_range_hashingENSB_20_Default_ranged_hashENSB_20_Prime_rehash_policyENSB_17_Hashtable_traitsILb0ELb0ELb1EEEE21_M_deallocate_bucketsEv_csim.dot'...  error opening file for writing!
Writing 'cfg__ZNSt10_HashtableIPvSt4pairIKS0_NSt7__cxx1112basic_stringIcSt11char_traitsIcESaIcEEEESaIS9_ENSt8__detail10_Select1stESt8equal_toIS0_ESt4hashIS0_ENSB_18_Mod_range_hashingENSB_20_Default_ranged_hashENSB_20_Prime_rehash_policyENSB_17_Hashtable_traitsILb0ELb0ELb1EEEE21_M_deallocate_bucketsEPPNSB_15_Hash_node_baseEm_csim.dot'...  error opening file for writing!
Writing 'cfg__ZNKSt10_HashtableIPvSt4pairIKS0_NSt7__cxx1112basic_stringIcSt11char_traitsIcESaIcEEEESaIS9_ENSt8__detail10_Select1stESt8equal_toIS0_ESt4hashIS0_ENSB_18_Mod_range_hashingENSB_20_Default_ranged_hashENSB_20_Prime_rehash_policyENSB_17_Hashtable_traitsILb0ELb0ELb1EEEE21_M_uses_single_bucketEPPNSB_15_Hash_node_baseE_csim.dot'...  error opening file for writing!
Writing 'cfg__ZNSt8__detail16_Hashtable_allocISaINS_10_Hash_nodeISt4pairIKPvNSt7__cxx1112basic_stringIcSt11char_traitsIcESaIcEEEELb0EEEEE21_M_deallocate_bucketsEPPNS_15_Hash_node_baseEm_csim.dot'...
Writing 'cfg__ZNSt14pointer_traitsIPPNSt8__detail15_Hash_node_baseEE10pointer_toERS2__csim.dot'...
Writing 'cfg__ZNSt8__detail16_Hashtable_allocISaINS_10_Hash_nodeISt4pairIKPvNSt7__cxx1112basic_stringIcSt11char_traitsIcESaIcEEEELb0EEEEE17_M_node_allocatorEv_csim.dot'...
Writing 'cfg__ZNSaIPNSt8__detail15_Hash_node_baseEEC2INS_10_Hash_nodeISt4pairIKPvNSt7__cxx1112basic_stringIcSt11char_traitsIcESaIcEEEELb0EEEEERKSaIT_E_csim.dot'...
Writing 'cfg__ZNSt16allocator_traitsISaIPNSt8__detail15_Hash_node_baseEEE10deallocateERS3_PS2_m_csim.dot'...
Writing 'cfg__ZNSaIPNSt8__detail15_Hash_node_baseEED2Ev_csim.dot'...
Writing 'cfg__ZN9__gnu_cxx13new_allocatorIPNSt8__detail15_Hash_node_baseEED2Ev_csim.dot'...
Writing 'cfg__ZN9__gnu_cxx13new_allocatorIPNSt8__detail15_Hash_node_baseEE10deallocateEPS3_m_csim.dot'...
Writing 'cfg__ZN9__gnu_cxx13new_allocatorIPNSt8__detail15_Hash_node_baseEEC2Ev_csim.dot'...
Writing 'cfg__ZNSt8__detail21_Hashtable_ebo_helperILi0ESaINS_10_Hash_nodeISt4pairIKPvNSt7__cxx1112basic_stringIcSt11char_traitsIcESaIcEEEELb0EEEELb1EE6_S_getERSE__csim.dot'...
Writing 'cfg__ZSt9addressofIPNSt8__detail15_Hash_node_baseEEPT_RS3__csim.dot'...
Writing 'cfg__ZSt11__addressofIPNSt8__detail15_Hash_node_baseEEPT_RS3__csim.dot'...
Writing 'cfg__ZNSt8__detail16_Hashtable_allocISaINS_10_Hash_nodeISt4pairIKPvNSt7__cxx1112basic_stringIcSt11char_traitsIcESaIcEEEELb0EEEEE19_M_allocate_bucketsEm_csim.dot'...
Writing 'cfg__ZNSt16allocator_traitsISaIPNSt8__detail15_Hash_node_baseEEE8allocateERS3_m_csim.dot'...
Writing 'cfg__ZN9__gnu_cxx13new_allocatorIPNSt8__detail15_Hash_node_baseEE8allocateEmPKv_csim.dot'...
Writing 'cfg__ZNK9__gnu_cxx13new_allocatorIPNSt8__detail15_Hash_node_baseEE8max_sizeEv_csim.dot'...
Writing 'cfg__ZNSt16allocator_traitsISaINSt8__detail10_Hash_nodeISt4pairIKPvNSt7__cxx1112basic_stringIcSt11char_traitsIcESaIcEEEELb0EEEEE8allocateERSD_m_csim.dot'...
Writing 'cfg__ZSt11__addressofINSt8__detail10_Hash_nodeISt4pairIKPvNSt7__cxx1112basic_stringIcSt11char_traitsIcESaIcEEEELb0EEEEPT_RSD__csim.dot'...
Writing 'cfg__ZNSaISt4pairIKPvNSt7__cxx1112basic_stringIcSt11char_traitsIcESaIcEEEEEC2INSt8__detail10_Hash_nodeIS8_Lb0EEEEERKSaIT_E_csim.dot'...
Writing 'cfg__ZNSt8__detail10_Hash_nodeISt4pairIKPvNSt7__cxx1112basic_stringIcSt11char_traitsIcESaIcEEEELb0EEC2Ev_csim.dot'...
Writing 'cfg__ZSt7forwardIRKSt21piecewise_construct_tEOT_RNSt16remove_referenceIS3_E4typeE_csim.dot'...
Writing 'cfg__ZSt7forwardISt5tupleIJOPvEEEOT_RNSt16remove_referenceIS4_E4typeE_csim.dot'...
Writing 'cfg__ZSt7forwardISt5tupleIJEEEOT_RNSt16remove_referenceIS2_E4typeE_csim.dot'...
Writing 'cfg__ZNSt16allocator_traitsISaISt4pairIKPvNSt7__cxx1112basic_stringIcSt11char_traitsIcESaIcEEEEEE9constructIS9_JRKSt21piecewise_construct_tSt5tupleIJOS1_EESG_IJEEEEEvRSA_PT_DpOT0__csim.dot'...
Writing 'cfg__ZNSaISt4pairIKPvNSt7__cxx1112basic_stringIcSt11char_traitsIcESaIcEEEEED2Ev_csim.dot'...
Writing 'cfg__ZN9__gnu_cxx13new_allocatorISt4pairIKPvNSt7__cxx1112basic_stringIcSt11char_traitsIcESaIcEEEEED2Ev_csim.dot'...
Writing 'cfg__ZN9__gnu_cxx13new_allocatorISt4pairIKPvNSt7__cxx1112basic_stringIcSt11char_traitsIcESaIcEEEEE9constructISA_JRKSt21piecewise_construct_tSt5tupleIJOS2_EESG_IJEEEEEvPT_DpOT0__csim.dot'...
Writing 'cfg__ZNSt5tupleIJOPvEEC2EOS2__csim.dot'...
Writing 'cfg__ZNSt4pairIKPvNSt7__cxx1112basic_stringIcSt11char_traitsIcESaIcEEEEC2IJOS0_EJEEESt21piecewise_construct_tSt5tupleIJDpT_EESC_IJDpT0_EE_csim.dot'...
Writing 'cfg__ZNSt4pairIKPvNSt7__cxx1112basic_stringIcSt11char_traitsIcESaIcEEEEC2IJOS0_EJLm0EEJEJEEERSt5tupleIJDpT_EERSB_IJDpT1_EESt12_Index_tupleIJXspT0_EEESK_IJXspT2_EEE_csim.dot'...
Writing 'cfg__ZSt3getILm0EJOPvEERNSt13tuple_elementIXT_ESt5tupleIJDpT0_EEE4typeERS6__csim.dot'...
Writing 'cfg__ZSt7forwardIOPvEOT_RNSt16remove_referenceIS2_E4typeE_csim.dot'...
Writing 'cfg__ZSt12__get_helperILm0EOPvJEERT0_RSt11_Tuple_implIXT_EJS2_DpT1_EE_csim.dot'...
Writing 'cfg__ZNSt11_Tuple_implILm0EJOPvEE7_M_headERS2__csim.dot'...
Writing 'cfg__ZNSt10_Head_baseILm0EOPvLb0EE7_M_headERS2__csim.dot'...
Writing 'cfg__ZNSt11_Tuple_implILm0EJOPvEEC2EOS2__csim.dot'...
Writing 'cfg__ZNSt10_Head_baseILm0EOPvLb0EEC2IS0_EEOT__csim.dot'...
Writing 'cfg__ZSt7forwardIPvEOT_RNSt16remove_referenceIS1_E4typeE_csim.dot'...
Writing 'cfg__ZNSt8__detail21_Hash_node_value_baseISt4pairIKPvNSt7__cxx1112basic_stringIcSt11char_traitsIcESaIcEEEEEC2Ev_csim.dot'...
Writing 'cfg__ZNSt8__detail15_Hash_node_baseC2Ev_csim.dot'...
Writing 'cfg__ZN9__gnu_cxx13new_allocatorISt4pairIKPvNSt7__cxx1112basic_stringIcSt11char_traitsIcESaIcEEEEEC2Ev_csim.dot'...
Writing 'cfg__ZN9__gnu_cxx13new_allocatorINSt8__detail10_Hash_nodeISt4pairIKPvNSt7__cxx1112basic_stringIcSt11char_traitsIcESaIcEEEELb0EEEE8allocateEmPKv_csim.dot'...
Writing 'cfg__ZNK9__gnu_cxx13new_allocatorINSt8__detail10_Hash_nodeISt4pairIKPvNSt7__cxx1112basic_stringIcSt11char_traitsIcESaIcEEEELb0EEEE8max_sizeEv_csim.dot'...
Writing 'cfg__ZNSt5tupleIJOPvEEC2IJS0_ELb1EEEDpOT__csim.dot'...
Writing 'cfg__ZNSt11_Tuple_implILm0EJOPvEEC2IS0_EEOT__csim.dot'...
Writing 'cfg__ZNKSt10_HashtableIPvSt4pairIKS0_NSt7__cxx1112basic_stringIcSt11char_traitsIcESaIcEEEESaIS9_ENSt8__detail10_Select1stESt8equal_toIS0_ESt4hashIS0_ENSB_18_Mod_range_hashingENSB_20_Default_ranged_hashENSB_20_Prime_rehash_policyENSB_17_Hashtable_traitsILb0ELb0ELb1EEEE19_M_find_before_nodeEmRS2_m_csim.dot'...  error opening file for writing!
Writing 'cfg__ZNKSt8__detail15_Hashtable_baseIPvSt4pairIKS1_NSt7__cxx1112basic_stringIcSt11char_traitsIcESaIcEEEENS_10_Select1stESt8equal_toIS1_ESt4hashIS1_ENS_18_Mod_range_hashingENS_20_Default_ranged_hashENS_17_Hashtable_traitsILb0ELb0ELb1EEEE9_M_equalsERS3_mPNS_10_Hash_nodeISA_Lb0EEE_csim.dot'...  error opening file for writing!
Writing 'cfg__ZNKSt8__detail15_Hashtable_baseIPvSt4pairIKS1_NSt7__cxx1112basic_stringIcSt11char_traitsIcESaIcEEEENS_10_Select1stESt8equal_toIS1_ESt4hashIS1_ENS_18_Mod_range_hashingENS_20_Default_ranged_hashENS_17_Hashtable_traitsILb0ELb0ELb1EEEE5_M_eqEv_csim.dot'...
Writing 'cfg__ZNSt8__detail13_Equal_helperIPvSt4pairIKS1_NSt7__cxx1112basic_stringIcSt11char_traitsIcESaIcEEEENS_10_Select1stESt8equal_toIS1_EmLb0EE9_S_equalsERKSD_RKSB_RS3_mPNS_10_Hash_nodeISA_Lb0EEE_csim.dot'...
Writing 'cfg__ZNKSt8equal_toIPvEclERKS0_S3__csim.dot'...
Writing 'cfg__ZNSt8__detail21_Hashtable_ebo_helperILi0ESt8equal_toIPvELb1EE7_S_cgetERKS4__csim.dot'...
Writing 'cfg__ZNKSt8__detail15_Hash_code_baseIPvSt4pairIKS1_NSt7__cxx1112basic_stringIcSt11char_traitsIcESaIcEEEENS_10_Select1stESt4hashIS1_ENS_18_Mod_range_hashingENS_20_Default_ranged_hashELb0EE15_M_bucket_indexERS3_mm_csim.dot'...
Writing 'cfg__ZNSt13unordered_mapIPvNSt7__cxx1112basic_stringIcSt11char_traitsIcESaIcEEESt4hashIS0_ESt8equal_toIS0_ESaISt4pairIKS0_S6_EEEC2Ev_csim.dot'...
Writing 'cfg__ZNSt10_HashtableIPvSt4pairIKS0_NSt7__cxx1112basic_stringIcSt11char_traitsIcESaIcEEEESaIS9_ENSt8__detail10_Select1stESt8equal_toIS0_ESt4hashIS0_ENSB_18_Mod_range_hashingENSB_20_Default_ranged_hashENSB_20_Prime_rehash_policyENSB_17_Hashtable_traitsILb0ELb0ELb1EEEEC2Ev_csim.dot'...  error opening file for writing!
Writing 'cfg__ZNSt8__detail16_Hashtable_allocISaINS_10_Hash_nodeISt4pairIKPvNSt7__cxx1112basic_stringIcSt11char_traitsIcESaIcEEEELb0EEEEEC2Ev_csim.dot'...
Writing 'cfg__ZNSt8__detail20_Prime_rehash_policyC2Ef_csim.dot'...
Writing 'cfg__ZNSt8__detail21_Hashtable_ebo_helperILi0ESaINS_10_Hash_nodeISt4pairIKPvNSt7__cxx1112basic_stringIcSt11char_traitsIcESaIcEEEELb0EEEELb1EEC2Ev_csim.dot'...
Writing 'cfg__ZNSaINSt8__detail10_Hash_nodeISt4pairIKPvNSt7__cxx1112basic_stringIcSt11char_traitsIcESaIcEEEELb0EEEEC2Ev_csim.dot'...
Writing 'cfg__ZN9__gnu_cxx13new_allocatorINSt8__detail10_Hash_nodeISt4pairIKPvNSt7__cxx1112basic_stringIcSt11char_traitsIcESaIcEEEELb0EEEEC2Ev_csim.dot'...
Writing 'cfg__ZSteqISt5arrayIcLm4EERS1_PS1_EbRKSt15_Deque_iteratorIT_T0_T1_ESA__csim.dot'...
Writing 'cfg__ZNSt8__detail9_Map_baseIPvSt4pairIKS1_St5dequeISt5arrayIcLm4EESaIS6_EEESaIS9_ENS_10_Select1stESt8equal_toIS1_ESt4hashIS1_ENS_18_Mod_range_hashingENS_20_Default_ranged_hashENS_20_Prime_rehash_policyENS_17_Hashtable_traitsILb0ELb0ELb1EEELb1EEixEOS1__csim.dot'...  error opening file for writing!
Writing 'cfg__ZNKSt8__detail15_Hash_code_baseIPvSt4pairIKS1_St5dequeISt5arrayIcLm4EESaIS6_EEENS_10_Select1stESt4hashIS1_ENS_18_Mod_range_hashingENS_20_Default_ranged_hashELb0EE12_M_hash_codeERS3__csim.dot'...
Writing 'cfg__ZNKSt10_HashtableIPvSt4pairIKS0_St5dequeISt5arrayIcLm4EESaIS5_EEESaIS8_ENSt8__detail10_Select1stESt8equal_toIS0_ESt4hashIS0_ENSA_18_Mod_range_hashingENSA_20_Default_ranged_hashENSA_20_Prime_rehash_policyENSA_17_Hashtable_traitsILb0ELb0ELb1EEEE15_M_bucket_indexERS2_m_csim.dot'...  error opening file for writing!
Writing 'cfg__ZNKSt10_HashtableIPvSt4pairIKS0_St5dequeISt5arrayIcLm4EESaIS5_EEESaIS8_ENSt8__detail10_Select1stESt8equal_toIS0_ESt4hashIS0_ENSA_18_Mod_range_hashingENSA_20_Default_ranged_hashENSA_20_Prime_rehash_policyENSA_17_Hashtable_traitsILb0ELb0ELb1EEEE12_M_find_nodeEmRS2_m_csim.dot'...  error opening file for writing!
Writing 'cfg__ZNSt8__detail16_Hashtable_allocISaINS_10_Hash_nodeISt4pairIKPvSt5dequeISt5arrayIcLm4EESaIS7_EEELb0EEEEE16_M_allocate_nodeIJRKSt21piecewise_construct_tSt5tupleIJOS3_EESI_IJEEEEEPSB_DpOT__csim.dot'...
Writing 'cfg__ZNSt10_HashtableIPvSt4pairIKS0_St5dequeISt5arrayIcLm4EESaIS5_EEESaIS8_ENSt8__detail10_Select1stESt8equal_toIS0_ESt4hashIS0_ENSA_18_Mod_range_hashingENSA_20_Default_ranged_hashENSA_20_Prime_rehash_policyENSA_17_Hashtable_traitsILb0ELb0ELb1EEEE21_M_insert_unique_nodeEmmPNSA_10_Hash_nodeIS8_Lb0EEE_csim.dot'...  error opening file for writing!
Writing 'cfg__ZNKSt8__detail14_Node_iteratorISt4pairIKPvSt5dequeISt5arrayIcLm4EESaIS6_EEELb0ELb0EEptEv_csim.dot'...
Writing 'cfg__ZNSt8__detail21_Hash_node_value_baseISt4pairIKPvSt5dequeISt5arrayIcLm4EESaIS6_EEEE4_M_vEv_csim.dot'...
Writing 'cfg__ZNSt8__detail21_Hash_node_value_baseISt4pairIKPvSt5dequeISt5arrayIcLm4EESaIS6_EEEE9_M_valptrEv_csim.dot'...
Writing 'cfg__ZN9__gnu_cxx16__aligned_bufferISt4pairIKPvSt5dequeISt5arrayIcLm4EESaIS6_EEEE6_M_ptrEv_csim.dot'...
Writing 'cfg__ZN9__gnu_cxx16__aligned_bufferISt4pairIKPvSt5dequeISt5arrayIcLm4EESaIS6_EEEE7_M_addrEv_csim.dot'...
Writing 'cfg__ZNSt10_HashtableIPvSt4pairIKS0_St5dequeISt5arrayIcLm4EESaIS5_EEESaIS8_ENSt8__detail10_Select1stESt8equal_toIS0_ESt4hashIS0_ENSA_18_Mod_range_hashingENSA_20_Default_ranged_hashENSA_20_Prime_rehash_policyENSA_17_Hashtable_traitsILb0ELb0ELb1EEEE9_M_rehashEmRKm_csim.dot'...  error opening file for writing!
Writing 'cfg__ZNSt8__detail15_Hash_code_baseIPvSt4pairIKS1_St5dequeISt5arrayIcLm4EESaIS6_EEENS_10_Select1stESt4hashIS1_ENS_18_Mod_range_hashingENS_20_Default_ranged_hashELb0EE10_M_extractEv_csim.dot'...
Writing 'cfg__ZNKSt8__detail10_Select1stclIRSt4pairIKPvSt5dequeISt5arrayIcLm4EESaIS7_EEEEEDTclsr3stdE3getIXLi0EEEclsr3stdE7forwardIT_Efp_EEEOSC__csim.dot'...
Writing 'cfg__ZNKSt8__detail15_Hash_code_baseIPvSt4pairIKS1_St5dequeISt5arrayIcLm4EESaIS6_EEENS_10_Select1stESt4hashIS1_ENS_18_Mod_range_hashingENS_20_Default_ranged_hashELb0EE13_M_store_codeEPNS_10_Hash_nodeIS9_Lb0EEEm_csim.dot'...
Writing 'cfg__ZNSt10_HashtableIPvSt4pairIKS0_St5dequeISt5arrayIcLm4EESaIS5_EEESaIS8_ENSt8__detail10_Select1stESt8equal_toIS0_ESt4hashIS0_ENSA_18_Mod_range_hashingENSA_20_Default_ranged_hashENSA_20_Prime_rehash_policyENSA_17_Hashtable_traitsILb0ELb0ELb1EEEE22_M_insert_bucket_beginEmPNSA_10_Hash_nodeIS8_Lb0EEE_csim.dot'...  error opening file for writing!
Writing 'cfg__ZNSt8__detail14_Node_iteratorISt4pairIKPvSt5dequeISt5arrayIcLm4EESaIS6_EEELb0ELb0EEC2EPNS_10_Hash_nodeIS9_Lb0EEE_csim.dot'...
Writing 'cfg__ZNSt8__detail19_Node_iterator_baseISt4pairIKPvSt5dequeISt5arrayIcLm4EESaIS6_EEELb0EEC2EPNS_10_Hash_nodeIS9_Lb0EEE_csim.dot'...
Writing 'cfg__ZNKSt8__detail10_Hash_nodeISt4pairIKPvSt5dequeISt5arrayIcLm4EESaIS6_EEELb0EE7_M_nextEv_csim.dot'...
Writing 'cfg__ZNKSt10_HashtableIPvSt4pairIKS0_St5dequeISt5arrayIcLm4EESaIS5_EEESaIS8_ENSt8__detail10_Select1stESt8equal_toIS0_ESt4hashIS0_ENSA_18_Mod_range_hashingENSA_20_Default_ranged_hashENSA_20_Prime_rehash_policyENSA_17_Hashtable_traitsILb0ELb0ELb1EEEE15_M_bucket_indexEPNSA_10_Hash_nodeIS8_Lb0EEE_csim.dot'...  error opening file for writing!
Writing 'cfg__ZNKSt8__detail15_Hash_code_baseIPvSt4pairIKS1_St5dequeISt5arrayIcLm4EESaIS6_EEENS_10_Select1stESt4hashIS1_ENS_18_Mod_range_hashingENS_20_Default_ranged_hashELb0EE15_M_bucket_indexEPKNS_10_Hash_nodeIS9_Lb0EEEm_csim.dot'...
Writing 'cfg__ZNKSt8__detail15_Hash_code_baseIPvSt4pairIKS1_St5dequeISt5arrayIcLm4EESaIS6_EEENS_10_Select1stESt4hashIS1_ENS_18_Mod_range_hashingENS_20_Default_ranged_hashELb0EE5_M_h2Ev_csim.dot'...
Writing 'cfg__ZNKSt8__detail15_Hash_code_baseIPvSt4pairIKS1_St5dequeISt5arrayIcLm4EESaIS6_EEENS_10_Select1stESt4hashIS1_ENS_18_Mod_range_hashingENS_20_Default_ranged_hashELb0EE5_M_h1Ev_csim.dot'...
Writing 'cfg__ZNKSt8__detail15_Hash_code_baseIPvSt4pairIKS1_St5dequeISt5arrayIcLm4EESaIS6_EEENS_10_Select1stESt4hashIS1_ENS_18_Mod_range_hashingENS_20_Default_ranged_hashELb0EE10_M_extractEv_csim.dot'...
Writing 'cfg__ZNKSt8__detail21_Hash_node_value_baseISt4pairIKPvSt5dequeISt5arrayIcLm4EESaIS6_EEEE4_M_vEv_csim.dot'...
Writing 'cfg__ZNKSt8__detail10_Select1stclIRKSt4pairIKPvSt5dequeISt5arrayIcLm4EESaIS7_EEEEEDTclsr3stdE3getIXLi0EEEclsr3stdE7forwardIT_Efp_EEEOSD__csim.dot'...
Writing 'cfg__ZSt7forwardIRKSt4pairIKPvSt5dequeISt5arrayIcLm4EESaIS5_EEEEOT_RNSt16remove_referenceISB_E4typeE_csim.dot'...
Writing 'cfg__ZSt3getILm0EKPvSt5dequeISt5arrayIcLm4EESaIS4_EEERKNSt13tuple_elementIXT_ESt4pairIT0_T1_EE4typeERKSB__csim.dot'...
Writing 'cfg__ZNSt10__pair_getILm0EE11__const_getIKPvSt5dequeISt5arrayIcLm4EESaIS6_EEEERKT_RKSt4pairIS9_T0_E_csim.dot'...
Writing 'cfg__ZNKSt8__detail21_Hash_node_value_baseISt4pairIKPvSt5dequeISt5arrayIcLm4EESaIS6_EEEE9_M_valptrEv_csim.dot'...
Writing 'cfg__ZNK9__gnu_cxx16__aligned_bufferISt4pairIKPvSt5dequeISt5arrayIcLm4EESaIS6_EEEE6_M_ptrEv_csim.dot'...
Writing 'cfg__ZNK9__gnu_cxx16__aligned_bufferISt4pairIKPvSt5dequeISt5arrayIcLm4EESaIS6_EEEE7_M_addrEv_csim.dot'...
Writing 'cfg__ZSt7forwardIRSt4pairIKPvSt5dequeISt5arrayIcLm4EESaIS5_EEEEOT_RNSt16remove_referenceISA_E4typeE_csim.dot'...
Writing 'cfg__ZSt3getILm0EKPvSt5dequeISt5arrayIcLm4EESaIS4_EEERNSt13tuple_elementIXT_ESt4pairIT0_T1_EE4typeERSB__csim.dot'...
Writing 'cfg__ZNSt10__pair_getILm0EE5__getIKPvSt5dequeISt5arrayIcLm4EESaIS6_EEEERT_RSt4pairIS9_T0_E_csim.dot'...
Writing 'cfg__ZNSt10_HashtableIPvSt4pairIKS0_St5dequeISt5arrayIcLm4EESaIS5_EEESaIS8_ENSt8__detail10_Select1stESt8equal_toIS0_ESt4hashIS0_ENSA_18_Mod_range_hashingENSA_20_Default_ranged_hashENSA_20_Prime_rehash_policyENSA_17_Hashtable_traitsILb0ELb0ELb1EEEE13_M_rehash_auxEmSt17integral_constantIbLb1EE_csim.dot'...  error opening file for writing!
Writing 'cfg__ZNSt10_HashtableIPvSt4pairIKS0_St5dequeISt5arrayIcLm4EESaIS5_EEESaIS8_ENSt8__detail10_Select1stESt8equal_toIS0_ESt4hashIS0_ENSA_18_Mod_range_hashingENSA_20_Default_ranged_hashENSA_20_Prime_rehash_policyENSA_17_Hashtable_traitsILb0ELb0ELb1EEEE19_M_allocate_bucketsEm_csim.dot'...  error opening file for writing!
Writing 'cfg__ZNKSt10_HashtableIPvSt4pairIKS0_St5dequeISt5arrayIcLm4EESaIS5_EEESaIS8_ENSt8__detail10_Select1stESt8equal_toIS0_ESt4hashIS0_ENSA_18_Mod_range_hashingENSA_20_Default_ranged_hashENSA_20_Prime_rehash_policyENSA_17_Hashtable_traitsILb0ELb0ELb1EEEE8_M_beginEv_csim.dot'...  error opening file for writing!
Writing 'cfg__ZNSt10_HashtableIPvSt4pairIKS0_St5dequeISt5arrayIcLm4EESaIS5_EEESaIS8_ENSt8__detail10_Select1stESt8equal_toIS0_ESt4hashIS0_ENSA_18_Mod_range_hashingENSA_20_Default_ranged_hashENSA_20_Prime_rehash_policyENSA_17_Hashtable_traitsILb0ELb0ELb1EEEE21_M_deallocate_bucketsEv_csim.dot'...  error opening file for writing!
Writing 'cfg__ZNSt10_HashtableIPvSt4pairIKS0_St5dequeISt5arrayIcLm4EESaIS5_EEESaIS8_ENSt8__detail10_Select1stESt8equal_toIS0_ESt4hashIS0_ENSA_18_Mod_range_hashingENSA_20_Default_ranged_hashENSA_20_Prime_rehash_policyENSA_17_Hashtable_traitsILb0ELb0ELb1EEEE21_M_deallocate_bucketsEPPNSA_15_Hash_node_baseEm_csim.dot'...  error opening file for writing!
Writing 'cfg__ZNKSt10_HashtableIPvSt4pairIKS0_St5dequeISt5arrayIcLm4EESaIS5_EEESaIS8_ENSt8__detail10_Select1stESt8equal_toIS0_ESt4hashIS0_ENSA_18_Mod_range_hashingENSA_20_Default_ranged_hashENSA_20_Prime_rehash_policyENSA_17_Hashtable_traitsILb0ELb0ELb1EEEE21_M_uses_single_bucketEPPNSA_15_Hash_node_baseE_csim.dot'...  error opening file for writing!
Writing 'cfg__ZNSt8__detail16_Hashtable_allocISaINS_10_Hash_nodeISt4pairIKPvSt5dequeISt5arrayIcLm4EESaIS7_EEELb0EEEEE21_M_deallocate_bucketsEPPNS_15_Hash_node_baseEm_csim.dot'...
Writing 'cfg__ZNSt8__detail16_Hashtable_allocISaINS_10_Hash_nodeISt4pairIKPvSt5dequeISt5arrayIcLm4EESaIS7_EEELb0EEEEE17_M_node_allocatorEv_csim.dot'...
Writing 'cfg__ZNSaIPNSt8__detail15_Hash_node_baseEEC2INS_10_Hash_nodeISt4pairIKPvSt5dequeISt5arrayIcLm4EESaISA_EEELb0EEEEERKSaIT_E_csim.dot'...
Writing 'cfg__ZNSt8__detail21_Hashtable_ebo_helperILi0ESaINS_10_Hash_nodeISt4pairIKPvSt5dequeISt5arrayIcLm4EESaIS7_EEELb0EEEELb1EE6_S_getERSD__csim.dot'...
Writing 'cfg__ZNSt8__detail16_Hashtable_allocISaINS_10_Hash_nodeISt4pairIKPvSt5dequeISt5arrayIcLm4EESaIS7_EEELb0EEEEE19_M_allocate_bucketsEm_csim.dot'...
Writing 'cfg__ZNSt16allocator_traitsISaINSt8__detail10_Hash_nodeISt4pairIKPvSt5dequeISt5arrayIcLm4EESaIS7_EEELb0EEEEE8allocateERSC_m_csim.dot'...
Writing 'cfg__ZSt11__addressofINSt8__detail10_Hash_nodeISt4pairIKPvSt5dequeISt5arrayIcLm4EESaIS7_EEELb0EEEEPT_RSC__csim.dot'...
Writing 'cfg__ZNSaISt4pairIKPvSt5dequeISt5arrayIcLm4EESaIS4_EEEEC2INSt8__detail10_Hash_nodeIS7_Lb0EEEEERKSaIT_E_csim.dot'...
Writing 'cfg__ZNSt8__detail10_Hash_nodeISt4pairIKPvSt5dequeISt5arrayIcLm4EESaIS6_EEELb0EEC2Ev_csim.dot'...
Writing 'cfg__ZNSt16allocator_traitsISaISt4pairIKPvSt5dequeISt5arrayIcLm4EESaIS5_EEEEE9constructIS8_JRKSt21piecewise_construct_tSt5tupleIJOS1_EESF_IJEEEEEvRS9_PT_DpOT0__csim.dot'...
Writing 'cfg__ZNSaISt4pairIKPvSt5dequeISt5arrayIcLm4EESaIS4_EEEED2Ev_csim.dot'...
Writing 'cfg__ZN9__gnu_cxx13new_allocatorISt4pairIKPvSt5dequeISt5arrayIcLm4EESaIS6_EEEED2Ev_csim.dot'...
Writing 'cfg__ZN9__gnu_cxx13new_allocatorISt4pairIKPvSt5dequeISt5arrayIcLm4EESaIS6_EEEE9constructIS9_JRKSt21piecewise_construct_tSt5tupleIJOS2_EESF_IJEEEEEvPT_DpOT0__csim.dot'...
Writing 'cfg__ZNSt4pairIKPvSt5dequeISt5arrayIcLm4EESaIS4_EEEC2IJOS0_EJEEESt21piecewise_construct_tSt5tupleIJDpT_EESB_IJDpT0_EE_csim.dot'...
Writing 'cfg__ZNSt4pairIKPvSt5dequeISt5arrayIcLm4EESaIS4_EEEC2IJOS0_EJLm0EEJEJEEERSt5tupleIJDpT_EERSA_IJDpT1_EESt12_Index_tupleIJXspT0_EEESJ_IJXspT2_EEE_csim.dot'...
Writing 'cfg__ZNSt5dequeISt5arrayIcLm4EESaIS1_EEC2Ev_csim.dot'...
Writing 'cfg__ZNSt11_Deque_baseISt5arrayIcLm4EESaIS1_EEC2Ev_csim.dot'...
Writing 'cfg__ZNSt11_Deque_baseISt5arrayIcLm4EESaIS1_EE11_Deque_implC2Ev_csim.dot'...
Writing 'cfg__ZNSt11_Deque_baseISt5arrayIcLm4EESaIS1_EE17_M_initialize_mapEm_csim.dot'...
Writing 'cfg__ZSt16__deque_buf_sizem_csim.dot'...
Writing 'cfg__ZSt3maxImERKT_S2_S2__csim.dot'...
Writing 'cfg__ZNSt11_Deque_baseISt5arrayIcLm4EESaIS1_EE15_M_allocate_mapEm_csim.dot'...
Writing 'cfg__ZNSt11_Deque_baseISt5arrayIcLm4EESaIS1_EE15_M_create_nodesEPPS1_S5__csim.dot'...
Writing 'cfg__ZNSt15_Deque_iteratorISt5arrayIcLm4EERS1_PS1_E11_M_set_nodeEPS3__csim.dot'...
Writing 'cfg__ZNSt15_Deque_iteratorISt5arrayIcLm4EERS1_PS1_E14_S_buffer_sizeEv_csim.dot'...
Writing 'cfg__ZNSt11_Deque_baseISt5arrayIcLm4EESaIS1_EE16_M_allocate_nodeEv_csim.dot'...
Writing 'cfg__ZNSt16allocator_traitsISaISt5arrayIcLm4EEEE8allocateERS2_m_csim.dot'...
Writing 'cfg__ZN9__gnu_cxx13new_allocatorISt5arrayIcLm4EEE8allocateEmPKv_csim.dot'...
Writing 'cfg__ZNK9__gnu_cxx13new_allocatorISt5arrayIcLm4EEE8max_sizeEv_csim.dot'...
Writing 'cfg__ZNKSt11_Deque_baseISt5arrayIcLm4EESaIS1_EE20_M_get_map_allocatorEv_csim.dot'...
Writing 'cfg__ZNSt16allocator_traitsISaIPSt5arrayIcLm4EEEE8allocateERS3_m_csim.dot'...
Writing 'cfg__ZNSaIPSt5arrayIcLm4EEED2Ev_csim.dot'...
Writing 'cfg__ZN9__gnu_cxx13new_allocatorIPSt5arrayIcLm4EEED2Ev_csim.dot'...
Writing 'cfg__ZN9__gnu_cxx13new_allocatorIPSt5arrayIcLm4EEE8allocateEmPKv_csim.dot'...
Writing 'cfg__ZNK9__gnu_cxx13new_allocatorIPSt5arrayIcLm4EEE8max_sizeEv_csim.dot'...
Writing 'cfg__ZNKSt11_Deque_baseISt5arrayIcLm4EESaIS1_EE19_M_get_Tp_allocatorEv_csim.dot'...
Writing 'cfg__ZNSaIPSt5arrayIcLm4EEEC2IS0_EERKSaIT_E_csim.dot'...
Writing 'cfg__ZN9__gnu_cxx13new_allocatorIPSt5arrayIcLm4EEEC2Ev_csim.dot'...
Writing 'cfg__ZNSaISt5arrayIcLm4EEEC2Ev_csim.dot'...
Writing 'cfg__ZNSt15_Deque_iteratorISt5arrayIcLm4EERS1_PS1_EC2Ev_csim.dot'...
Writing 'cfg__ZN9__gnu_cxx13new_allocatorISt5arrayIcLm4EEEC2Ev_csim.dot'...
Writing 'cfg__ZNSt8__detail21_Hash_node_value_baseISt4pairIKPvSt5dequeISt5arrayIcLm4EESaIS6_EEEEC2Ev_csim.dot'...
Writing 'cfg__ZN9__gnu_cxx13new_allocatorISt4pairIKPvSt5dequeISt5arrayIcLm4EESaIS6_EEEEC2Ev_csim.dot'...
Writing 'cfg__ZN9__gnu_cxx13new_allocatorINSt8__detail10_Hash_nodeISt4pairIKPvSt5dequeISt5arrayIcLm4EESaIS8_EEELb0EEEE8allocateEmPKv_csim.dot'...
Writing 'cfg__ZNK9__gnu_cxx13new_allocatorINSt8__detail10_Hash_nodeISt4pairIKPvSt5dequeISt5arrayIcLm4EESaIS8_EEELb0EEEE8max_sizeEv_csim.dot'...
Writing 'cfg__ZNKSt10_HashtableIPvSt4pairIKS0_St5dequeISt5arrayIcLm4EESaIS5_EEESaIS8_ENSt8__detail10_Select1stESt8equal_toIS0_ESt4hashIS0_ENSA_18_Mod_range_hashingENSA_20_Default_ranged_hashENSA_20_Prime_rehash_policyENSA_17_Hashtable_traitsILb0ELb0ELb1EEEE19_M_find_before_nodeEmRS2_m_csim.dot'...  error opening file for writing!
Writing 'cfg__ZNKSt8__detail15_Hashtable_baseIPvSt4pairIKS1_St5dequeISt5arrayIcLm4EESaIS6_EEENS_10_Select1stESt8equal_toIS1_ESt4hashIS1_ENS_18_Mod_range_hashingENS_20_Default_ranged_hashENS_17_Hashtable_traitsILb0ELb0ELb1EEEE9_M_equalsERS3_mPNS_10_Hash_nodeIS9_Lb0EEE_csim.dot'...  error opening file for writing!
Writing 'cfg__ZNKSt8__detail15_Hashtable_baseIPvSt4pairIKS1_St5dequeISt5arrayIcLm4EESaIS6_EEENS_10_Select1stESt8equal_toIS1_ESt4hashIS1_ENS_18_Mod_range_hashingENS_20_Default_ranged_hashENS_17_Hashtable_traitsILb0ELb0ELb1EEEE5_M_eqEv_csim.dot'...
Writing 'cfg__ZNSt8__detail13_Equal_helperIPvSt4pairIKS1_St5dequeISt5arrayIcLm4EESaIS6_EEENS_10_Select1stESt8equal_toIS1_EmLb0EE9_S_equalsERKSC_RKSA_RS3_mPNS_10_Hash_nodeIS9_Lb0EEE_csim.dot'...
Writing 'cfg__ZNKSt8__detail15_Hash_code_baseIPvSt4pairIKS1_St5dequeISt5arrayIcLm4EESaIS6_EEENS_10_Select1stESt4hashIS1_ENS_18_Mod_range_hashingENS_20_Default_ranged_hashELb0EE15_M_bucket_indexERS3_mm_csim.dot'...
Writing 'cfg__ZNSt13unordered_mapIPvSt5dequeISt5arrayIcLm4EESaIS3_EESt4hashIS0_ESt8equal_toIS0_ESaISt4pairIKS0_S5_EEEC2Ev_csim.dot'...
Writing 'cfg__ZNSt10_HashtableIPvSt4pairIKS0_St5dequeISt5arrayIcLm4EESaIS5_EEESaIS8_ENSt8__detail10_Select1stESt8equal_toIS0_ESt4hashIS0_ENSA_18_Mod_range_hashingENSA_20_Default_ranged_hashENSA_20_Prime_rehash_policyENSA_17_Hashtable_traitsILb0ELb0ELb1EEEEC2Ev_csim.dot'...  error opening file for writing!
Writing 'cfg__ZNSt8__detail16_Hashtable_allocISaINS_10_Hash_nodeISt4pairIKPvSt5dequeISt5arrayIcLm4EESaIS7_EEELb0EEEEEC2Ev_csim.dot'...
Writing 'cfg__ZNSt8__detail21_Hashtable_ebo_helperILi0ESaINS_10_Hash_nodeISt4pairIKPvSt5dequeISt5arrayIcLm4EESaIS7_EEELb0EEEELb1EEC2Ev_csim.dot'...
Writing 'cfg__ZNSaINSt8__detail10_Hash_nodeISt4pairIKPvSt5dequeISt5arrayIcLm4EESaIS6_EEELb0EEEEC2Ev_csim.dot'...
Writing 'cfg__ZN9__gnu_cxx13new_allocatorINSt8__detail10_Hash_nodeISt4pairIKPvSt5dequeISt5arrayIcLm4EESaIS8_EEELb0EEEEC2Ev_csim.dot'...
Writing 'cfg__ZNSt5dequeISt5arrayIcLm4EESaIS1_EE5frontEv_csim.dot'...
Writing 'cfg__ZNSt5arrayIcLm4EE4dataEv_csim.dot'...
Writing 'cfg__ZNSt5dequeISt5arrayIcLm4EESaIS1_EE9pop_frontEv_csim.dot'...
Writing 'cfg__ZNSt16allocator_traitsISaISt5arrayIcLm4EEEE7destroyIS1_EEvRS2_PT__csim.dot'...
Writing 'cfg__ZNSt5dequeISt5arrayIcLm4EESaIS1_EE16_M_pop_front_auxEv_csim.dot'...
Writing 'cfg__ZNSt11_Deque_baseISt5arrayIcLm4EESaIS1_EE19_M_get_Tp_allocatorEv_csim.dot'...
Writing 'cfg__ZNSt11_Deque_baseISt5arrayIcLm4EESaIS1_EE18_M_deallocate_nodeEPS1__csim.dot'...
Writing 'cfg__ZNSt16allocator_traitsISaISt5arrayIcLm4EEEE10deallocateERS2_PS1_m_csim.dot'...
Writing 'cfg__ZN9__gnu_cxx13new_allocatorISt5arrayIcLm4EEE10deallocateEPS2_m_csim.dot'...
Writing 'cfg__ZN9__gnu_cxx13new_allocatorISt5arrayIcLm4EEE7destroyIS2_EEvPT__csim.dot'...
Writing 'cfg__ZNSt14__array_traitsIcLm4EE6_S_ptrERA4_Kc_csim.dot'...
Writing 'cfg__ZNSt5dequeISt5arrayIcLm4EESaIS1_EE5beginEv_csim.dot'...
Writing 'cfg__ZNKSt15_Deque_iteratorISt5arrayIcLm4EERS1_PS1_EdeEv_csim.dot'...
Writing 'cfg__ZNSt15_Deque_iteratorISt5arrayIcLm4EERS1_PS1_EC2ERKS4__csim.dot'...
Writing 'cfg__ZN3hls6streamIjLi0EE5writeERKj_csim.dot'...
Writing 'cfg__ZNSt5dequeISt5arrayIcLm4EESaIS1_EE9push_backERKS1__csim.dot'...
Writing 'cfg__ZN3hls6streamIjLi0EE4sizeEv_csim.dot'...
Writing 'cfg__ZNKSt5dequeISt5arrayIcLm4EESaIS1_EE4sizeEv_csim.dot'...
Writing 'cfg__ZStmiISt5arrayIcLm4EERS1_PS1_ENSt15_Deque_iteratorIT_T0_T1_E15difference_typeERKS8_SB__csim.dot'...
Writing 'cfg__ZNSt16allocator_traitsISaISt5arrayIcLm4EEEE9constructIS1_JRKS1_EEEvRS2_PT_DpOT0__csim.dot'...
Writing 'cfg__ZNSt5dequeISt5arrayIcLm4EESaIS1_EE16_M_push_back_auxIJRKS1_EEEvDpOT__csim.dot'...
Writing 'cfg__ZNSt5dequeISt5arrayIcLm4EESaIS1_EE22_M_reserve_map_at_backEm_csim.dot'...
Writing 'cfg__ZSt7forwardIRKSt5arrayIcLm4EEEOT_RNSt16remove_referenceIS4_E4typeE_csim.dot'...
Writing 'cfg__ZNSt5dequeISt5arrayIcLm4EESaIS1_EE17_M_reallocate_mapEmb_csim.dot'...
Writing 'cfg__ZSt4copyIPPSt5arrayIcLm4EES3_ET0_T_S5_S4__csim.dot'...
Writing 'cfg__ZSt13copy_backwardIPPSt5arrayIcLm4EES3_ET0_T_S5_S4__csim.dot'...
Writing 'cfg__ZNSt11_Deque_baseISt5arrayIcLm4EESaIS1_EE17_M_deallocate_mapEPPS1_m_csim.dot'...
Writing 'cfg__ZNSt16allocator_traitsISaIPSt5arrayIcLm4EEEE10deallocateERS3_PS2_m_csim.dot'...
Writing 'cfg__ZN9__gnu_cxx13new_allocatorIPSt5arrayIcLm4EEE10deallocateEPS3_m_csim.dot'...
Writing 'cfg__ZSt12__miter_baseIPPSt5arrayIcLm4EEET_S4__csim.dot'...
Writing 'cfg__ZSt23__copy_move_backward_a2ILb0EPPSt5arrayIcLm4EES3_ET1_T0_S5_S4__csim.dot'...
Writing 'cfg__ZSt12__niter_baseIPPSt5arrayIcLm4EEET_S4__csim.dot'...
Writing 'cfg__ZSt22__copy_move_backward_aILb0EPPSt5arrayIcLm4EES3_ET1_T0_S5_S4__csim.dot'...
Writing 'cfg__ZNSt20__copy_move_backwardILb0ELb1ESt26random_access_iterator_tagE13__copy_move_bIPSt5arrayIcLm4EEEEPT_PKS6_S9_S7__csim.dot'...
Writing 'cfg__ZSt14__copy_move_a2ILb0EPPSt5arrayIcLm4EES3_ET1_T0_S5_S4__csim.dot'...
Writing 'cfg__ZSt13__copy_move_aILb0EPPSt5arrayIcLm4EES3_ET1_T0_S5_S4__csim.dot'...
Writing 'cfg__ZNSt11__copy_moveILb0ELb1ESt26random_access_iterator_tagE8__copy_mIPSt5arrayIcLm4EEEEPT_PKS6_S9_S7__csim.dot'...
Writing 'cfg__ZN9__gnu_cxx13new_allocatorISt5arrayIcLm4EEE9constructIS2_JRKS2_EEEvPT_DpOT0__csim.dot'...
Writing 'cfg__ZN3hls6streamIjLi0EE16register_handlerEv_csim.dot'...
Writing 'cfg__ZN3hlsL14stream_handlerEv_csim.dot'...
Writing 'cfg__GLOBAL__sub_I_convolution.cpp_csim.dot'...
Writing 'cfg___cxx_global_var_init.2_csim.dot'...
Writing 'cfg__Z16filter11x11_origiiPKjPj_csim.dot'...
Writing 'cfg__ZL16convolution_origIjLi11EEviiPKT_PS0_S2_S2__csim.dot'...
Function:_Z16filter11x11_strmiiRN3hls6streamIjLi0EEES2_ ---> FID:1
Writing 'cfg_1_csim.dot'...Function:_ZL16convolution_strmIjLi11EEviiRN3hls6streamIT_Li0EEES4_PKS2_S6_ ---> FID:2

Function:_ZL16convolution_strmIjLi11EEviiRN3hls6streamIT_Li0EEES4_PKS2_S6_ ---> FID:2
Writing 'cfg_2_csim.dot'...
