

================================================================
== Vitis HLS Report for 'Loop_VITIS_LOOP_88_1_proc'
================================================================
* Date:           Wed Feb 24 15:50:13 2021

* Version:        2020.2 (Build 3064766 on Wed Nov 18 09:12:47 MST 2020)
* Project:        batch
* Solution:       solution1 (Vivado IP Flow Target)
* Product family: zynquplus
* Target device:  xczu3eg-sbva484-1-i


================================================================
== Performance Estimates
================================================================
+ Timing: 
    * Summary: 
    +--------+---------+----------+------------+
    |  Clock |  Target | Estimated| Uncertainty|
    +--------+---------+----------+------------+
    |ap_clk  |  3.00 ns|  2.302 ns|     0.81 ns|
    +--------+---------+----------+------------+

+ Latency: 
    * Summary: 
    +---------+---------+----------+----------+-----+-----+---------+
    |  Latency (cycles) |  Latency (absolute) |  Interval | Pipeline|
    |   min   |   max   |    min   |    max   | min | max |   Type  |
    +---------+---------+----------+----------+-----+-----+---------+
    |        ?|        ?|         ?|         ?|    ?|    ?|     none|
    +---------+---------+----------+----------+-----+-----+---------+

    + Detail: 
        * Instance: 
        N/A

        * Loop: 
        +-------------------+---------+---------+----------+-----------+-----------+------+----------+
        |                   |  Latency (cycles) | Iteration|  Initiation Interval  | Trip |          |
        |     Loop Name     |   min   |   max   |  Latency |  achieved |   target  | Count| Pipelined|
        +-------------------+---------+---------+----------+-----------+-----------+------+----------+
        |- VITIS_LOOP_88_1  |        ?|        ?|         3|          1|          1|     ?|       yes|
        +-------------------+---------+---------+----------+-----------+-----------+------+----------+



================================================================
== Utilization Estimates
================================================================
* Summary: 
+-----------------+---------+-----+--------+-------+-----+
|       Name      | BRAM_18K| DSP |   FF   |  LUT  | URAM|
+-----------------+---------+-----+--------+-------+-----+
|DSP              |        -|    -|       -|      -|    -|
|Expression       |        -|    -|       0|    163|    -|
|FIFO             |        -|    -|       -|      -|    -|
|Instance         |        -|    -|       -|      -|    -|
|Memory           |        -|    -|       -|      -|    -|
|Multiplexer      |        -|    -|       -|    163|    -|
|Register         |        -|    -|     255|      -|    -|
+-----------------+---------+-----+--------+-------+-----+
|Total            |        0|    0|     255|    326|    0|
+-----------------+---------+-----+--------+-------+-----+
|Available        |      432|  360|  141120|  70560|    0|
+-----------------+---------+-----+--------+-------+-----+
|Utilization (%)  |        0|    0|      ~0|     ~0|    0|
+-----------------+---------+-----+--------+-------+-----+

+ Detail: 
    * Instance: 
    N/A

    * DSP: 
    N/A

    * Memory: 
    N/A

    * FIFO: 
    N/A

    * Expression: 
    +-----------------------------------+----------+----+---+----+------------+------------+
    |           Variable Name           | Operation| DSP| FF| LUT| Bitwidth P0| Bitwidth P1|
    +-----------------------------------+----------+----+---+----+------------+------------+
    |add_ln88_1_fu_344_p2               |         +|   0|  0|  23|          16|           1|
    |add_ln88_2_fu_355_p2               |         +|   0|  0|  23|          16|           1|
    |add_ln88_fu_304_p2                 |         +|   0|  0|  27|          20|          20|
    |add_ln89_fu_371_p2                 |         +|   0|  0|  40|          33|          17|
    |ap_block_pp0_stage0_11001          |       and|   0|  0|   2|           1|           1|
    |ap_block_state10_pp0_stage0_iter1  |       and|   0|  0|   2|           1|           1|
    |icmp_ln88_1_fu_361_p2              |      icmp|   0|  0|  13|          16|           4|
    |icmp_ln88_fu_350_p2                |      icmp|   0|  0|  13|          16|          16|
    |ap_block_state1                    |        or|   0|  0|   2|           1|           1|
    |select_ln88_fu_387_p3              |    select|   0|  0|  16|           1|          16|
    |ap_enable_pp0                      |       xor|   0|  0|   2|           1|           2|
    +-----------------------------------+----------+----+---+----+------------+------------+
    |Total                              |          |   0|  0| 163|         122|          80|
    +-----------------------------------+----------+----+---+----+------------+------------+

    * Multiplexer: 
    +-----------------------------------+----+-----------+-----+-----------+
    |                Name               | LUT| Input Size| Bits| Total Bits|
    +-----------------------------------+----+-----------+-----+-----------+
    |OC_V_loc_blk_n                     |   9|          2|    1|          2|
    |ap_NS_fsm                          |  59|         11|    1|         11|
    |ap_done                            |   9|          2|    1|          2|
    |ap_enable_reg_pp0_iter1            |   9|          2|    1|          2|
    |ap_enable_reg_pp0_iter2            |  14|          3|    1|          3|
    |ap_phi_mux_phi_urem_phi_fu_269_p4  |   9|          2|   16|         32|
    |gmem3_blk_n_AR                     |   9|          2|    1|          2|
    |gmem3_blk_n_R                      |   9|          2|    1|          2|
    |i_reg_254                          |   9|          2|   16|         32|
    |k0_3_blk_n                         |   9|          2|    1|          2|
    |phi_mul_reg_277                    |   9|          2|   33|         66|
    |phi_urem_reg_265                   |   9|          2|   16|         32|
    +-----------------------------------+----+-----------+-----+-----------+
    |Total                              | 163|         34|   89|        188|
    +-----------------------------------+----+-----------+-----+-----------+

    * Register: 
    +-------------------------+----+----+-----+-----------+
    |           Name          | FF | LUT| Bits| Const Bits|
    +-------------------------+----+----+-----+-----------+
    |add_ln88_2_reg_436       |  16|   0|   16|          0|
    |ap_CS_fsm                |  10|   0|   10|          0|
    |ap_done_reg              |   1|   0|    1|          0|
    |ap_enable_reg_pp0_iter0  |   1|   0|    1|          0|
    |ap_enable_reg_pp0_iter1  |   1|   0|    1|          0|
    |ap_enable_reg_pp0_iter2  |   1|   0|    1|          0|
    |gmem3_addr_read_reg_460  |  64|   0|   64|          0|
    |i_reg_254                |  16|   0|   16|          0|
    |icmp_ln88_1_reg_441      |   1|   0|    1|          0|
    |icmp_ln88_reg_432        |   1|   0|    1|          0|
    |phi_mul_reg_277          |  33|   0|   33|          0|
    |phi_urem_reg_265         |  16|   0|   16|          0|
    |tmp_reg_455              |  13|   0|   13|          0|
    |trunc_ln89_2_reg_411     |  61|   0|   61|          0|
    |trunc_ln89_reg_446       |   4|   0|    4|          0|
    |trunc_ln_reg_405         |  16|   0|   16|          0|
    +-------------------------+----+----+-----+-----------+
    |Total                    | 255|   0|  255|          0|
    +-------------------------+----+----+-----+-----------+



================================================================
== Interface
================================================================
* Summary: 
+------------------------+-----+-----+------------+---------------------------+--------------+
|        RTL Ports       | Dir | Bits|  Protocol  |       Source Object       |    C Type    |
+------------------------+-----+-----+------------+---------------------------+--------------+
|ap_clk                  |   in|    1|  ap_ctrl_hs|  Loop_VITIS_LOOP_88_1_proc|  return value|
|ap_rst                  |   in|    1|  ap_ctrl_hs|  Loop_VITIS_LOOP_88_1_proc|  return value|
|ap_start                |   in|    1|  ap_ctrl_hs|  Loop_VITIS_LOOP_88_1_proc|  return value|
|ap_done                 |  out|    1|  ap_ctrl_hs|  Loop_VITIS_LOOP_88_1_proc|  return value|
|ap_continue             |   in|    1|  ap_ctrl_hs|  Loop_VITIS_LOOP_88_1_proc|  return value|
|ap_idle                 |  out|    1|  ap_ctrl_hs|  Loop_VITIS_LOOP_88_1_proc|  return value|
|ap_ready                |  out|    1|  ap_ctrl_hs|  Loop_VITIS_LOOP_88_1_proc|  return value|
|OC_V_loc_dout           |   in|   16|     ap_fifo|                   OC_V_loc|       pointer|
|OC_V_loc_empty_n        |   in|    1|     ap_fifo|                   OC_V_loc|       pointer|
|OC_V_loc_read           |  out|    1|     ap_fifo|                   OC_V_loc|       pointer|
|k3_buffer_V_0_address0  |  out|    6|   ap_memory|              k3_buffer_V_0|         array|
|k3_buffer_V_0_ce0       |  out|    1|   ap_memory|              k3_buffer_V_0|         array|
|k3_buffer_V_0_we0       |  out|    1|   ap_memory|              k3_buffer_V_0|         array|
|k3_buffer_V_0_d0        |  out|   64|   ap_memory|              k3_buffer_V_0|         array|
|k3_buffer_V_1_address0  |  out|    6|   ap_memory|              k3_buffer_V_1|         array|
|k3_buffer_V_1_ce0       |  out|    1|   ap_memory|              k3_buffer_V_1|         array|
|k3_buffer_V_1_we0       |  out|    1|   ap_memory|              k3_buffer_V_1|         array|
|k3_buffer_V_1_d0        |  out|   64|   ap_memory|              k3_buffer_V_1|         array|
|k3_buffer_V_2_address0  |  out|    6|   ap_memory|              k3_buffer_V_2|         array|
|k3_buffer_V_2_ce0       |  out|    1|   ap_memory|              k3_buffer_V_2|         array|
|k3_buffer_V_2_we0       |  out|    1|   ap_memory|              k3_buffer_V_2|         array|
|k3_buffer_V_2_d0        |  out|   64|   ap_memory|              k3_buffer_V_2|         array|
|k3_buffer_V_3_address0  |  out|    6|   ap_memory|              k3_buffer_V_3|         array|
|k3_buffer_V_3_ce0       |  out|    1|   ap_memory|              k3_buffer_V_3|         array|
|k3_buffer_V_3_we0       |  out|    1|   ap_memory|              k3_buffer_V_3|         array|
|k3_buffer_V_3_d0        |  out|   64|   ap_memory|              k3_buffer_V_3|         array|
|k3_buffer_V_4_address0  |  out|    6|   ap_memory|              k3_buffer_V_4|         array|
|k3_buffer_V_4_ce0       |  out|    1|   ap_memory|              k3_buffer_V_4|         array|
|k3_buffer_V_4_we0       |  out|    1|   ap_memory|              k3_buffer_V_4|         array|
|k3_buffer_V_4_d0        |  out|   64|   ap_memory|              k3_buffer_V_4|         array|
|k3_buffer_V_5_address0  |  out|    6|   ap_memory|              k3_buffer_V_5|         array|
|k3_buffer_V_5_ce0       |  out|    1|   ap_memory|              k3_buffer_V_5|         array|
|k3_buffer_V_5_we0       |  out|    1|   ap_memory|              k3_buffer_V_5|         array|
|k3_buffer_V_5_d0        |  out|   64|   ap_memory|              k3_buffer_V_5|         array|
|k3_buffer_V_6_address0  |  out|    6|   ap_memory|              k3_buffer_V_6|         array|
|k3_buffer_V_6_ce0       |  out|    1|   ap_memory|              k3_buffer_V_6|         array|
|k3_buffer_V_6_we0       |  out|    1|   ap_memory|              k3_buffer_V_6|         array|
|k3_buffer_V_6_d0        |  out|   64|   ap_memory|              k3_buffer_V_6|         array|
|k3_buffer_V_7_address0  |  out|    6|   ap_memory|              k3_buffer_V_7|         array|
|k3_buffer_V_7_ce0       |  out|    1|   ap_memory|              k3_buffer_V_7|         array|
|k3_buffer_V_7_we0       |  out|    1|   ap_memory|              k3_buffer_V_7|         array|
|k3_buffer_V_7_d0        |  out|   64|   ap_memory|              k3_buffer_V_7|         array|
|k3_buffer_V_8_address0  |  out|    6|   ap_memory|              k3_buffer_V_8|         array|
|k3_buffer_V_8_ce0       |  out|    1|   ap_memory|              k3_buffer_V_8|         array|
|k3_buffer_V_8_we0       |  out|    1|   ap_memory|              k3_buffer_V_8|         array|
|k3_buffer_V_8_d0        |  out|   64|   ap_memory|              k3_buffer_V_8|         array|
|k0_3_dout               |   in|   64|     ap_fifo|                       k0_3|       pointer|
|k0_3_empty_n            |   in|    1|     ap_fifo|                       k0_3|       pointer|
|k0_3_read               |  out|    1|     ap_fifo|                       k0_3|       pointer|
|m_axi_gmem3_AWVALID     |  out|    1|       m_axi|                      gmem3|       pointer|
|m_axi_gmem3_AWREADY     |   in|    1|       m_axi|                      gmem3|       pointer|
|m_axi_gmem3_AWADDR      |  out|   64|       m_axi|                      gmem3|       pointer|
|m_axi_gmem3_AWID        |  out|    1|       m_axi|                      gmem3|       pointer|
|m_axi_gmem3_AWLEN       |  out|   32|       m_axi|                      gmem3|       pointer|
|m_axi_gmem3_AWSIZE      |  out|    3|       m_axi|                      gmem3|       pointer|
|m_axi_gmem3_AWBURST     |  out|    2|       m_axi|                      gmem3|       pointer|
|m_axi_gmem3_AWLOCK      |  out|    2|       m_axi|                      gmem3|       pointer|
|m_axi_gmem3_AWCACHE     |  out|    4|       m_axi|                      gmem3|       pointer|
|m_axi_gmem3_AWPROT      |  out|    3|       m_axi|                      gmem3|       pointer|
|m_axi_gmem3_AWQOS       |  out|    4|       m_axi|                      gmem3|       pointer|
|m_axi_gmem3_AWREGION    |  out|    4|       m_axi|                      gmem3|       pointer|
|m_axi_gmem3_AWUSER      |  out|    1|       m_axi|                      gmem3|       pointer|
|m_axi_gmem3_WVALID      |  out|    1|       m_axi|                      gmem3|       pointer|
|m_axi_gmem3_WREADY      |   in|    1|       m_axi|                      gmem3|       pointer|
|m_axi_gmem3_WDATA       |  out|   64|       m_axi|                      gmem3|       pointer|
|m_axi_gmem3_WSTRB       |  out|    8|       m_axi|                      gmem3|       pointer|
|m_axi_gmem3_WLAST       |  out|    1|       m_axi|                      gmem3|       pointer|
|m_axi_gmem3_WID         |  out|    1|       m_axi|                      gmem3|       pointer|
|m_axi_gmem3_WUSER       |  out|    1|       m_axi|                      gmem3|       pointer|
|m_axi_gmem3_ARVALID     |  out|    1|       m_axi|                      gmem3|       pointer|
|m_axi_gmem3_ARREADY     |   in|    1|       m_axi|                      gmem3|       pointer|
|m_axi_gmem3_ARADDR      |  out|   64|       m_axi|                      gmem3|       pointer|
|m_axi_gmem3_ARID        |  out|    1|       m_axi|                      gmem3|       pointer|
|m_axi_gmem3_ARLEN       |  out|   32|       m_axi|                      gmem3|       pointer|
|m_axi_gmem3_ARSIZE      |  out|    3|       m_axi|                      gmem3|       pointer|
|m_axi_gmem3_ARBURST     |  out|    2|       m_axi|                      gmem3|       pointer|
|m_axi_gmem3_ARLOCK      |  out|    2|       m_axi|                      gmem3|       pointer|
|m_axi_gmem3_ARCACHE     |  out|    4|       m_axi|                      gmem3|       pointer|
|m_axi_gmem3_ARPROT      |  out|    3|       m_axi|                      gmem3|       pointer|
|m_axi_gmem3_ARQOS       |  out|    4|       m_axi|                      gmem3|       pointer|
|m_axi_gmem3_ARREGION    |  out|    4|       m_axi|                      gmem3|       pointer|
|m_axi_gmem3_ARUSER      |  out|    1|       m_axi|                      gmem3|       pointer|
|m_axi_gmem3_RVALID      |   in|    1|       m_axi|                      gmem3|       pointer|
|m_axi_gmem3_RREADY      |  out|    1|       m_axi|                      gmem3|       pointer|
|m_axi_gmem3_RDATA       |   in|   64|       m_axi|                      gmem3|       pointer|
|m_axi_gmem3_RLAST       |   in|    1|       m_axi|                      gmem3|       pointer|
|m_axi_gmem3_RID         |   in|    1|       m_axi|                      gmem3|       pointer|
|m_axi_gmem3_RUSER       |   in|    1|       m_axi|                      gmem3|       pointer|
|m_axi_gmem3_RRESP       |   in|    2|       m_axi|                      gmem3|       pointer|
|m_axi_gmem3_BVALID      |   in|    1|       m_axi|                      gmem3|       pointer|
|m_axi_gmem3_BREADY      |  out|    1|       m_axi|                      gmem3|       pointer|
|m_axi_gmem3_BRESP       |   in|    2|       m_axi|                      gmem3|       pointer|
|m_axi_gmem3_BID         |   in|    1|       m_axi|                      gmem3|       pointer|
|m_axi_gmem3_BUSER       |   in|    1|       m_axi|                      gmem3|       pointer|
+------------------------+-----+-----+------------+---------------------------+--------------+

