

================================================================
== Vitis HLS Report for 'M2S_16_8_8_ap_int_128_ap_int_128_s'
================================================================
* Date:           Wed Feb 24 15:50:07 2021

* Version:        2020.2 (Build 3064766 on Wed Nov 18 09:12:47 MST 2020)
* Project:        batch
* Solution:       solution1 (Vivado IP Flow Target)
* Product family: zynquplus
* Target device:  xczu3eg-sbva484-1-i


================================================================
== Performance Estimates
================================================================
+ Timing: 
    * Summary: 
    +--------+---------+----------+------------+
    |  Clock |  Target | Estimated| Uncertainty|
    +--------+---------+----------+------------+
    |ap_clk  |  3.00 ns|  2.190 ns|     0.81 ns|
    +--------+---------+----------+------------+

+ Latency: 
    * Summary: 
    +---------+---------+----------+----------+-----+-----+---------+
    |  Latency (cycles) |  Latency (absolute) |  Interval | Pipeline|
    |   min   |   max   |    min   |    max   | min | max |   Type  |
    +---------+---------+----------+----------+-----+-----+---------+
    |        2|        ?|  6.000 ns|         ?|    2|    ?|     none|
    +---------+---------+----------+----------+-----+-----+---------+

    + Detail: 
        * Instance: 
        N/A

        * Loop: 
        +-------------------+---------+---------+----------+-----------+-----------+-------+----------+
        |                   |  Latency (cycles) | Iteration|  Initiation Interval  |  Trip |          |
        |     Loop Name     |   min   |   max   |  Latency |  achieved |   target  | Count | Pipelined|
        +-------------------+---------+---------+----------+-----------+-----------+-------+----------+
        |- VITIS_LOOP_76_1  |        2|        ?|         3|          1|          1|  1 ~ ?|       yes|
        +-------------------+---------+---------+----------+-----------+-----------+-------+----------+



================================================================
== Utilization Estimates
================================================================
* Summary: 
+-----------------+---------+-----+--------+-------+-----+
|       Name      | BRAM_18K| DSP |   FF   |  LUT  | URAM|
+-----------------+---------+-----+--------+-------+-----+
|DSP              |        -|    -|       -|      -|    -|
|Expression       |        -|    -|       0|     85|    -|
|FIFO             |        -|    -|       -|      -|    -|
|Instance         |        -|    -|       -|      -|    -|
|Memory           |        -|    -|       -|      -|    -|
|Multiplexer      |        -|    -|       -|    140|    -|
|Register         |        -|    -|     266|      -|    -|
+-----------------+---------+-----+--------+-------+-----+
|Total            |        0|    0|     266|    225|    0|
+-----------------+---------+-----+--------+-------+-----+
|Available        |      432|  360|  141120|  70560|    0|
+-----------------+---------+-----+--------+-------+-----+
|Utilization (%)  |        0|    0|      ~0|     ~0|    0|
+-----------------+---------+-----+--------+-------+-----+

+ Detail: 
    * Instance: 
    N/A

    * DSP: 
    N/A

    * Memory: 
    N/A

    * FIFO: 
    N/A

    * Expression: 
    +-----------------------------------+----------+----+---+----+------------+------------+
    |           Variable Name           | Operation| DSP| FF| LUT| Bitwidth P0| Bitwidth P1|
    +-----------------------------------+----------+----+---+----+------------+------------+
    |add_ln76_fu_144_p2                 |         +|   0|  0|  35|          28|           1|
    |ap_block_state10_pp0_stage0_iter1  |       and|   0|  0|   2|           1|           1|
    |ap_block_state11_pp0_stage0_iter2  |       and|   0|  0|   2|           1|           1|
    |ap_block_state2_io                 |       and|   0|  0|   2|           1|           1|
    |icmp_ln76_1_fu_150_p2              |      icmp|   0|  0|  18|          28|          28|
    |icmp_ln76_fu_111_p2                |      icmp|   0|  0|  18|          29|           1|
    |ap_block_pp0_stage0_01001          |        or|   0|  0|   2|           1|           1|
    |ap_block_state1                    |        or|   0|  0|   2|           1|           1|
    |ap_enable_pp0                      |       xor|   0|  0|   2|           1|           2|
    |ap_enable_reg_pp0_iter1            |       xor|   0|  0|   2|           2|           1|
    +-----------------------------------+----------+----+---+----+------------+------------+
    |Total                              |          |   0|  0|  85|          93|          38|
    +-----------------------------------+----------+----+---+----+------------+------------+

    * Multiplexer: 
    +-------------------------+----+-----------+-----+-----------+
    |           Name          | LUT| Input Size| Bits| Total Bits|
    +-------------------------+----+-----------+-----+-----------+
    |ap_NS_fsm                |  59|         11|    1|         11|
    |ap_done                  |   9|          2|    1|          2|
    |ap_enable_reg_pp0_iter1  |   9|          2|    1|          2|
    |ap_enable_reg_pp0_iter2  |   9|          2|    1|          2|
    |fmap_blk_n               |   9|          2|    1|          2|
    |gmem0_blk_n_AR           |   9|          2|    1|          2|
    |gmem0_blk_n_R            |   9|          2|    1|          2|
    |real_start               |   9|          2|    1|          2|
    |rep_reg_100              |   9|          2|   28|         56|
    |s_mem_blk_n              |   9|          2|    1|          2|
    +-------------------------+----+-----------+-----+-----------+
    |Total                    | 140|         29|   37|         83|
    +-------------------------+----+-----------+-----+-----------+

    * Register: 
    +-----------------------------------+-----+----+-----+-----------+
    |                Name               |  FF | LUT| Bits| Const Bits|
    +-----------------------------------+-----+----+-----+-----------+
    |ap_CS_fsm                          |   10|   0|   10|          0|
    |ap_done_reg                        |    1|   0|    1|          0|
    |ap_enable_reg_pp0_iter0            |    1|   0|    1|          0|
    |ap_enable_reg_pp0_iter1            |    1|   0|    1|          0|
    |ap_enable_reg_pp0_iter2            |    1|   0|    1|          0|
    |fmap_read_reg_161                  |   64|   0|   64|          0|
    |icmp_ln76_1_reg_191                |    1|   0|    1|          0|
    |icmp_ln76_1_reg_191_pp0_iter1_reg  |    1|   0|    1|          0|
    |icmp_ln76_reg_166                  |    1|   0|    1|          0|
    |m_read_V_reg_195                   |  128|   0|  128|          0|
    |rep_reg_100                        |   28|   0|   28|          0|
    |start_once_reg                     |    1|   0|    1|          0|
    |trunc_ln76_reg_175                 |   28|   0|   28|          0|
    +-----------------------------------+-----+----+-----+-----------+
    |Total                              |  266|   0|  266|          0|
    +-----------------------------------+-----+----+-----+-----------+



================================================================
== Interface
================================================================
* Summary: 
+----------------------+-----+-----+------------+------------------------------------------+--------------+
|       RTL Ports      | Dir | Bits|  Protocol  |               Source Object              |    C Type    |
+----------------------+-----+-----+------------+------------------------------------------+--------------+
|ap_clk                |   in|    1|  ap_ctrl_hs|  M2S<16, 8, 8, ap_int<128>, ap_int<128> >|  return value|
|ap_rst                |   in|    1|  ap_ctrl_hs|  M2S<16, 8, 8, ap_int<128>, ap_int<128> >|  return value|
|ap_start              |   in|    1|  ap_ctrl_hs|  M2S<16, 8, 8, ap_int<128>, ap_int<128> >|  return value|
|start_full_n          |   in|    1|  ap_ctrl_hs|  M2S<16, 8, 8, ap_int<128>, ap_int<128> >|  return value|
|ap_done               |  out|    1|  ap_ctrl_hs|  M2S<16, 8, 8, ap_int<128>, ap_int<128> >|  return value|
|ap_continue           |   in|    1|  ap_ctrl_hs|  M2S<16, 8, 8, ap_int<128>, ap_int<128> >|  return value|
|ap_idle               |  out|    1|  ap_ctrl_hs|  M2S<16, 8, 8, ap_int<128>, ap_int<128> >|  return value|
|ap_ready              |  out|    1|  ap_ctrl_hs|  M2S<16, 8, 8, ap_int<128>, ap_int<128> >|  return value|
|start_out             |  out|    1|  ap_ctrl_hs|  M2S<16, 8, 8, ap_int<128>, ap_int<128> >|  return value|
|start_write           |  out|    1|  ap_ctrl_hs|  M2S<16, 8, 8, ap_int<128>, ap_int<128> >|  return value|
|m_axi_gmem0_AWVALID   |  out|    1|       m_axi|                                     gmem0|       pointer|
|m_axi_gmem0_AWREADY   |   in|    1|       m_axi|                                     gmem0|       pointer|
|m_axi_gmem0_AWADDR    |  out|   64|       m_axi|                                     gmem0|       pointer|
|m_axi_gmem0_AWID      |  out|    1|       m_axi|                                     gmem0|       pointer|
|m_axi_gmem0_AWLEN     |  out|   32|       m_axi|                                     gmem0|       pointer|
|m_axi_gmem0_AWSIZE    |  out|    3|       m_axi|                                     gmem0|       pointer|
|m_axi_gmem0_AWBURST   |  out|    2|       m_axi|                                     gmem0|       pointer|
|m_axi_gmem0_AWLOCK    |  out|    2|       m_axi|                                     gmem0|       pointer|
|m_axi_gmem0_AWCACHE   |  out|    4|       m_axi|                                     gmem0|       pointer|
|m_axi_gmem0_AWPROT    |  out|    3|       m_axi|                                     gmem0|       pointer|
|m_axi_gmem0_AWQOS     |  out|    4|       m_axi|                                     gmem0|       pointer|
|m_axi_gmem0_AWREGION  |  out|    4|       m_axi|                                     gmem0|       pointer|
|m_axi_gmem0_AWUSER    |  out|    1|       m_axi|                                     gmem0|       pointer|
|m_axi_gmem0_WVALID    |  out|    1|       m_axi|                                     gmem0|       pointer|
|m_axi_gmem0_WREADY    |   in|    1|       m_axi|                                     gmem0|       pointer|
|m_axi_gmem0_WDATA     |  out|  128|       m_axi|                                     gmem0|       pointer|
|m_axi_gmem0_WSTRB     |  out|   16|       m_axi|                                     gmem0|       pointer|
|m_axi_gmem0_WLAST     |  out|    1|       m_axi|                                     gmem0|       pointer|
|m_axi_gmem0_WID       |  out|    1|       m_axi|                                     gmem0|       pointer|
|m_axi_gmem0_WUSER     |  out|    1|       m_axi|                                     gmem0|       pointer|
|m_axi_gmem0_ARVALID   |  out|    1|       m_axi|                                     gmem0|       pointer|
|m_axi_gmem0_ARREADY   |   in|    1|       m_axi|                                     gmem0|       pointer|
|m_axi_gmem0_ARADDR    |  out|   64|       m_axi|                                     gmem0|       pointer|
|m_axi_gmem0_ARID      |  out|    1|       m_axi|                                     gmem0|       pointer|
|m_axi_gmem0_ARLEN     |  out|   32|       m_axi|                                     gmem0|       pointer|
|m_axi_gmem0_ARSIZE    |  out|    3|       m_axi|                                     gmem0|       pointer|
|m_axi_gmem0_ARBURST   |  out|    2|       m_axi|                                     gmem0|       pointer|
|m_axi_gmem0_ARLOCK    |  out|    2|       m_axi|                                     gmem0|       pointer|
|m_axi_gmem0_ARCACHE   |  out|    4|       m_axi|                                     gmem0|       pointer|
|m_axi_gmem0_ARPROT    |  out|    3|       m_axi|                                     gmem0|       pointer|
|m_axi_gmem0_ARQOS     |  out|    4|       m_axi|                                     gmem0|       pointer|
|m_axi_gmem0_ARREGION  |  out|    4|       m_axi|                                     gmem0|       pointer|
|m_axi_gmem0_ARUSER    |  out|    1|       m_axi|                                     gmem0|       pointer|
|m_axi_gmem0_RVALID    |   in|    1|       m_axi|                                     gmem0|       pointer|
|m_axi_gmem0_RREADY    |  out|    1|       m_axi|                                     gmem0|       pointer|
|m_axi_gmem0_RDATA     |   in|  128|       m_axi|                                     gmem0|       pointer|
|m_axi_gmem0_RLAST     |   in|    1|       m_axi|                                     gmem0|       pointer|
|m_axi_gmem0_RID       |   in|    1|       m_axi|                                     gmem0|       pointer|
|m_axi_gmem0_RUSER     |   in|    1|       m_axi|                                     gmem0|       pointer|
|m_axi_gmem0_RRESP     |   in|    2|       m_axi|                                     gmem0|       pointer|
|m_axi_gmem0_BVALID    |   in|    1|       m_axi|                                     gmem0|       pointer|
|m_axi_gmem0_BREADY    |  out|    1|       m_axi|                                     gmem0|       pointer|
|m_axi_gmem0_BRESP     |   in|    2|       m_axi|                                     gmem0|       pointer|
|m_axi_gmem0_BID       |   in|    1|       m_axi|                                     gmem0|       pointer|
|m_axi_gmem0_BUSER     |   in|    1|       m_axi|                                     gmem0|       pointer|
|s_mem_din             |  out|  128|     ap_fifo|                                     s_mem|       pointer|
|s_mem_full_n          |   in|    1|     ap_fifo|                                     s_mem|       pointer|
|s_mem_write           |  out|    1|     ap_fifo|                                     s_mem|       pointer|
|fmap_dout             |   in|   64|     ap_fifo|                                      fmap|       pointer|
|fmap_empty_n          |   in|    1|     ap_fifo|                                      fmap|       pointer|
|fmap_read             |  out|    1|     ap_fifo|                                      fmap|       pointer|
|REP                   |   in|   29|     ap_none|                                       REP|        scalar|
+----------------------+-----+-----+------------+------------------------------------------+--------------+

