

================================================================
== Vitis HLS Report for 'M2S_repeat_merge_1x1_v2_4_16_16_ap_int_64_MultiChanData_16u_64u_s'
================================================================
* Date:           Wed Feb 24 15:50:08 2021

* Version:        2020.2 (Build 3064766 on Wed Nov 18 09:12:47 MST 2020)
* Project:        batch
* Solution:       solution1 (Vivado IP Flow Target)
* Product family: zynquplus
* Target device:  xczu3eg-sbva484-1-i


================================================================
== Performance Estimates
================================================================
+ Timing: 
    * Summary: 
    +--------+---------+----------+------------+
    |  Clock |  Target | Estimated| Uncertainty|
    +--------+---------+----------+------------+
    |ap_clk  |  3.00 ns|  2.190 ns|     0.81 ns|
    +--------+---------+----------+------------+

+ Latency: 
    * Summary: 
    +---------+---------+----------+----------+-----+-----+---------+
    |  Latency (cycles) |  Latency (absolute) |  Interval | Pipeline|
    |   min   |   max   |    min   |    max   | min | max |   Type  |
    +---------+---------+----------+----------+-----+-----+---------+
    |        ?|        ?|         ?|         ?|    ?|    ?|     none|
    +---------+---------+----------+----------+-----+-----+---------+

    + Detail: 
        * Instance: 
        N/A

        * Loop: 
        +-------------------------------------+---------+---------+----------+-----------+-----------+------+----------+
        |                                     |  Latency (cycles) | Iteration|  Initiation Interval  | Trip |          |
        |              Loop Name              |   min   |   max   |  Latency |  achieved |   target  | Count| Pipelined|
        +-------------------------------------+---------+---------+----------+-----------+-----------+------+----------+
        |- VITIS_LOOP_110_1_VITIS_LOOP_111_2  |        ?|        ?|         4|          2|          1|     ?|       yes|
        +-------------------------------------+---------+---------+----------+-----------+-----------+------+----------+



================================================================
== Utilization Estimates
================================================================
* Summary: 
+-----------------+---------+-----+--------+-------+-----+
|       Name      | BRAM_18K| DSP |   FF   |  LUT  | URAM|
+-----------------+---------+-----+--------+-------+-----+
|DSP              |        -|    -|       -|      -|    -|
|Expression       |        -|    -|       0|    200|    -|
|FIFO             |        -|    -|       -|      -|    -|
|Instance         |        -|    1|     215|   1041|    -|
|Memory           |        -|    -|       -|      -|    -|
|Multiplexer      |        -|    -|       -|    153|    -|
|Register         |        -|    -|    1310|      -|    -|
+-----------------+---------+-----+--------+-------+-----+
|Total            |        0|    1|    1525|   1394|    0|
+-----------------+---------+-----+--------+-------+-----+
|Available        |      432|  360|  141120|  70560|    0|
+-----------------+---------+-----+--------+-------+-----+
|Utilization (%)  |        0|   ~0|       1|      1|    0|
+-----------------+---------+-----+--------+-------+-----+

+ Detail: 
    * Instance: 
    +---------------------------+----------------------+---------+----+-----+----+-----+
    |          Instance         |        Module        | BRAM_18K| DSP|  FF | LUT| URAM|
    +---------------------------+----------------------+---------+----+-----+----+-----+
    |mul_32ns_24ns_56_5_1_U219  |mul_32ns_24ns_56_5_1  |        0|   1|  215|   1|    0|
    |mux_1664_64_1_1_U220       |mux_1664_64_1_1       |        0|   0|    0|  65|    0|
    |mux_1664_64_1_1_U221       |mux_1664_64_1_1       |        0|   0|    0|  65|    0|
    |mux_1664_64_1_1_U222       |mux_1664_64_1_1       |        0|   0|    0|  65|    0|
    |mux_1664_64_1_1_U223       |mux_1664_64_1_1       |        0|   0|    0|  65|    0|
    |mux_1664_64_1_1_U224       |mux_1664_64_1_1       |        0|   0|    0|  65|    0|
    |mux_1664_64_1_1_U225       |mux_1664_64_1_1       |        0|   0|    0|  65|    0|
    |mux_1664_64_1_1_U226       |mux_1664_64_1_1       |        0|   0|    0|  65|    0|
    |mux_1664_64_1_1_U227       |mux_1664_64_1_1       |        0|   0|    0|  65|    0|
    |mux_1664_64_1_1_U228       |mux_1664_64_1_1       |        0|   0|    0|  65|    0|
    |mux_1664_64_1_1_U229       |mux_1664_64_1_1       |        0|   0|    0|  65|    0|
    |mux_1664_64_1_1_U230       |mux_1664_64_1_1       |        0|   0|    0|  65|    0|
    |mux_1664_64_1_1_U231       |mux_1664_64_1_1       |        0|   0|    0|  65|    0|
    |mux_1664_64_1_1_U232       |mux_1664_64_1_1       |        0|   0|    0|  65|    0|
    |mux_1664_64_1_1_U233       |mux_1664_64_1_1       |        0|   0|    0|  65|    0|
    |mux_1664_64_1_1_U234       |mux_1664_64_1_1       |        0|   0|    0|  65|    0|
    |mux_1664_64_1_1_U235       |mux_1664_64_1_1       |        0|   0|    0|  65|    0|
    +---------------------------+----------------------+---------+----+-----+----+-----+
    |Total                      |                      |        0|   1|  215|1041|    0|
    +---------------------------+----------------------+---------+----+-----+----+-----+

    * DSP: 
    N/A

    * Memory: 
    N/A

    * FIFO: 
    N/A

    * Expression: 
    +-----------------------------------+----------+----+---+----+------------+------------+
    |           Variable Name           | Operation| DSP| FF| LUT| Bitwidth P0| Bitwidth P1|
    +-----------------------------------+----------+----+---+----+------------+------------+
    |add_ln110_fu_392_p2                |         +|   0|  0|  63|          56|           1|
    |add_ln111_fu_435_p2                |         +|   0|  0|  31|          24|           1|
    |ap_block_pp0_stage1_01001          |       and|   0|  0|   2|           1|           1|
    |ap_block_state10_pp0_stage1_iter1  |       and|   0|  0|   2|           1|           1|
    |icmp_ln110_fu_398_p2               |      icmp|   0|  0|  26|          56|          56|
    |icmp_ln111_fu_403_p2               |      icmp|   0|  0|  16|          24|          24|
    |ap_block_state1                    |        or|   0|  0|   2|           1|           1|
    |REP_fu_371_p3                      |    select|   0|  0|  32|           1|           1|
    |select_ln110_fu_408_p3             |    select|   0|  0|  24|           1|           1|
    |ap_enable_pp0                      |       xor|   0|  0|   2|           1|           2|
    +-----------------------------------+----------+----+---+----+------------+------------+
    |Total                              |          |   0|  0| 200|         166|          89|
    +-----------------------------------+----------+----+---+----+------------+------------+

    * Multiplexer: 
    +-----------------------------------------+----+-----------+-----+-----------+
    |                   Name                  | LUT| Input Size| Bits| Total Bits|
    +-----------------------------------------+----+-----------+-----+-----------+
    |ap_NS_fsm                                |  54|         10|    1|         10|
    |ap_done                                  |   9|          2|    1|          2|
    |ap_enable_reg_pp0_iter1                  |   9|          2|    1|          2|
    |ap_phi_mux_i_phi_fu_364_p4               |   9|          2|   24|         48|
    |ap_phi_mux_indvar_flatten_phi_fu_353_p4  |   9|          2|   56|        112|
    |i_reg_360                                |   9|          2|   24|         48|
    |indvar_flatten_reg_349                   |   9|          2|   56|        112|
    |k1_blk_n                                 |   9|          2|    1|          2|
    |mul_ln31_1_loc_blk_n                     |   9|          2|    1|          2|
    |mul_ln31_1_loc_out_blk_n                 |   9|          2|    1|          2|
    |skip1_blk_n                              |   9|          2|    1|          2|
    |skip1_out_blk_n                          |   9|          2|    1|          2|
    +-----------------------------------------+----+-----------+-----+-----------+
    |Total                                    | 153|         32|  168|        344|
    +-----------------------------------------+----+-----------+-----+-----------+

    * Register: 
    +-----------------------------------+----+----+-----+-----------+
    |                Name               | FF | LUT| Bits| Const Bits|
    +-----------------------------------+----+----+-----+-----------+
    |REP_reg_1069                       |  32|   0|   32|          0|
    |add_ln110_reg_1094                 |  56|   0|   56|          0|
    |add_ln111_reg_1189                 |  24|   0|   24|          0|
    |ap_CS_fsm                          |   9|   0|    9|          0|
    |ap_done_reg                        |   1|   0|    1|          0|
    |ap_enable_reg_pp0_iter0            |   1|   0|    1|          0|
    |ap_enable_reg_pp0_iter1            |   1|   0|    1|          0|
    |bound_reg_1089                     |  56|   0|   56|          0|
    |i_reg_360                          |  24|   0|   24|          0|
    |icmp_ln110_reg_1099                |   1|   0|    1|          0|
    |icmp_ln110_reg_1099_pp0_iter1_reg  |   1|   0|    1|          0|
    |indvar_flatten_reg_349             |  56|   0|   56|          0|
    |k1_buffer_V_0_load_reg_1194        |  64|   0|   64|          0|
    |k1_buffer_V_10_load_reg_1244       |  64|   0|   64|          0|
    |k1_buffer_V_11_load_reg_1249       |  64|   0|   64|          0|
    |k1_buffer_V_12_load_reg_1254       |  64|   0|   64|          0|
    |k1_buffer_V_13_load_reg_1259       |  64|   0|   64|          0|
    |k1_buffer_V_14_load_reg_1264       |  64|   0|   64|          0|
    |k1_buffer_V_15_load_reg_1269       |  64|   0|   64|          0|
    |k1_buffer_V_1_load_reg_1199        |  64|   0|   64|          0|
    |k1_buffer_V_2_load_reg_1204        |  64|   0|   64|          0|
    |k1_buffer_V_3_load_reg_1209        |  64|   0|   64|          0|
    |k1_buffer_V_4_load_reg_1214        |  64|   0|   64|          0|
    |k1_buffer_V_5_load_reg_1219        |  64|   0|   64|          0|
    |k1_buffer_V_6_load_reg_1224        |  64|   0|   64|          0|
    |k1_buffer_V_7_load_reg_1229        |  64|   0|   64|          0|
    |k1_buffer_V_8_load_reg_1234        |  64|   0|   64|          0|
    |k1_buffer_V_9_load_reg_1239        |  64|   0|   64|          0|
    |select_ln110_reg_1103              |  24|   0|   24|          0|
    +-----------------------------------+----+----+-----+-----------+
    |Total                              |1310|   0| 1310|          0|
    +-----------------------------------+----+----+-----+-----------+



================================================================
== Interface
================================================================
* Summary: 
+---------------------------+-----+------+------------+--------------------------------------------------------------------------+--------------+
|         RTL Ports         | Dir | Bits |  Protocol  |                               Source Object                              |    C Type    |
+---------------------------+-----+------+------------+--------------------------------------------------------------------------+--------------+
|ap_clk                     |   in|     1|  ap_ctrl_hs|  M2S_repeat_merge_1x1_v2<4, 16, 16, ap_int<64>, MultiChanData<16u, 64u> >|  return value|
|ap_rst                     |   in|     1|  ap_ctrl_hs|  M2S_repeat_merge_1x1_v2<4, 16, 16, ap_int<64>, MultiChanData<16u, 64u> >|  return value|
|ap_start                   |   in|     1|  ap_ctrl_hs|  M2S_repeat_merge_1x1_v2<4, 16, 16, ap_int<64>, MultiChanData<16u, 64u> >|  return value|
|ap_done                    |  out|     1|  ap_ctrl_hs|  M2S_repeat_merge_1x1_v2<4, 16, 16, ap_int<64>, MultiChanData<16u, 64u> >|  return value|
|ap_continue                |   in|     1|  ap_ctrl_hs|  M2S_repeat_merge_1x1_v2<4, 16, 16, ap_int<64>, MultiChanData<16u, 64u> >|  return value|
|ap_idle                    |  out|     1|  ap_ctrl_hs|  M2S_repeat_merge_1x1_v2<4, 16, 16, ap_int<64>, MultiChanData<16u, 64u> >|  return value|
|ap_ready                   |  out|     1|  ap_ctrl_hs|  M2S_repeat_merge_1x1_v2<4, 16, 16, ap_int<64>, MultiChanData<16u, 64u> >|  return value|
|k1_din                     |  out|  1024|     ap_fifo|                                                                        k1|       pointer|
|k1_full_n                  |   in|     1|     ap_fifo|                                                                        k1|       pointer|
|k1_write                   |  out|     1|     ap_fifo|                                                                        k1|       pointer|
|k1_buffer_V_0_address0     |  out|    11|   ap_memory|                                                             k1_buffer_V_0|         array|
|k1_buffer_V_0_ce0          |  out|     1|   ap_memory|                                                             k1_buffer_V_0|         array|
|k1_buffer_V_0_q0           |   in|    64|   ap_memory|                                                             k1_buffer_V_0|         array|
|k1_buffer_V_1_address0     |  out|    11|   ap_memory|                                                             k1_buffer_V_1|         array|
|k1_buffer_V_1_ce0          |  out|     1|   ap_memory|                                                             k1_buffer_V_1|         array|
|k1_buffer_V_1_q0           |   in|    64|   ap_memory|                                                             k1_buffer_V_1|         array|
|k1_buffer_V_2_address0     |  out|    11|   ap_memory|                                                             k1_buffer_V_2|         array|
|k1_buffer_V_2_ce0          |  out|     1|   ap_memory|                                                             k1_buffer_V_2|         array|
|k1_buffer_V_2_q0           |   in|    64|   ap_memory|                                                             k1_buffer_V_2|         array|
|k1_buffer_V_3_address0     |  out|    11|   ap_memory|                                                             k1_buffer_V_3|         array|
|k1_buffer_V_3_ce0          |  out|     1|   ap_memory|                                                             k1_buffer_V_3|         array|
|k1_buffer_V_3_q0           |   in|    64|   ap_memory|                                                             k1_buffer_V_3|         array|
|k1_buffer_V_4_address0     |  out|    11|   ap_memory|                                                             k1_buffer_V_4|         array|
|k1_buffer_V_4_ce0          |  out|     1|   ap_memory|                                                             k1_buffer_V_4|         array|
|k1_buffer_V_4_q0           |   in|    64|   ap_memory|                                                             k1_buffer_V_4|         array|
|k1_buffer_V_5_address0     |  out|    11|   ap_memory|                                                             k1_buffer_V_5|         array|
|k1_buffer_V_5_ce0          |  out|     1|   ap_memory|                                                             k1_buffer_V_5|         array|
|k1_buffer_V_5_q0           |   in|    64|   ap_memory|                                                             k1_buffer_V_5|         array|
|k1_buffer_V_6_address0     |  out|    11|   ap_memory|                                                             k1_buffer_V_6|         array|
|k1_buffer_V_6_ce0          |  out|     1|   ap_memory|                                                             k1_buffer_V_6|         array|
|k1_buffer_V_6_q0           |   in|    64|   ap_memory|                                                             k1_buffer_V_6|         array|
|k1_buffer_V_7_address0     |  out|    11|   ap_memory|                                                             k1_buffer_V_7|         array|
|k1_buffer_V_7_ce0          |  out|     1|   ap_memory|                                                             k1_buffer_V_7|         array|
|k1_buffer_V_7_q0           |   in|    64|   ap_memory|                                                             k1_buffer_V_7|         array|
|k1_buffer_V_8_address0     |  out|    11|   ap_memory|                                                             k1_buffer_V_8|         array|
|k1_buffer_V_8_ce0          |  out|     1|   ap_memory|                                                             k1_buffer_V_8|         array|
|k1_buffer_V_8_q0           |   in|    64|   ap_memory|                                                             k1_buffer_V_8|         array|
|k1_buffer_V_9_address0     |  out|    11|   ap_memory|                                                             k1_buffer_V_9|         array|
|k1_buffer_V_9_ce0          |  out|     1|   ap_memory|                                                             k1_buffer_V_9|         array|
|k1_buffer_V_9_q0           |   in|    64|   ap_memory|                                                             k1_buffer_V_9|         array|
|k1_buffer_V_10_address0    |  out|    11|   ap_memory|                                                            k1_buffer_V_10|         array|
|k1_buffer_V_10_ce0         |  out|     1|   ap_memory|                                                            k1_buffer_V_10|         array|
|k1_buffer_V_10_q0          |   in|    64|   ap_memory|                                                            k1_buffer_V_10|         array|
|k1_buffer_V_11_address0    |  out|    11|   ap_memory|                                                            k1_buffer_V_11|         array|
|k1_buffer_V_11_ce0         |  out|     1|   ap_memory|                                                            k1_buffer_V_11|         array|
|k1_buffer_V_11_q0          |   in|    64|   ap_memory|                                                            k1_buffer_V_11|         array|
|k1_buffer_V_12_address0    |  out|    11|   ap_memory|                                                            k1_buffer_V_12|         array|
|k1_buffer_V_12_ce0         |  out|     1|   ap_memory|                                                            k1_buffer_V_12|         array|
|k1_buffer_V_12_q0          |   in|    64|   ap_memory|                                                            k1_buffer_V_12|         array|
|k1_buffer_V_13_address0    |  out|    11|   ap_memory|                                                            k1_buffer_V_13|         array|
|k1_buffer_V_13_ce0         |  out|     1|   ap_memory|                                                            k1_buffer_V_13|         array|
|k1_buffer_V_13_q0          |   in|    64|   ap_memory|                                                            k1_buffer_V_13|         array|
|k1_buffer_V_14_address0    |  out|    11|   ap_memory|                                                            k1_buffer_V_14|         array|
|k1_buffer_V_14_ce0         |  out|     1|   ap_memory|                                                            k1_buffer_V_14|         array|
|k1_buffer_V_14_q0          |   in|    64|   ap_memory|                                                            k1_buffer_V_14|         array|
|k1_buffer_V_15_address0    |  out|    11|   ap_memory|                                                            k1_buffer_V_15|         array|
|k1_buffer_V_15_ce0         |  out|     1|   ap_memory|                                                            k1_buffer_V_15|         array|
|k1_buffer_V_15_q0          |   in|    64|   ap_memory|                                                            k1_buffer_V_15|         array|
|mul_ln31_1_loc_dout        |   in|    32|     ap_fifo|                                                            mul_ln31_1_loc|       pointer|
|mul_ln31_1_loc_empty_n     |   in|     1|     ap_fifo|                                                            mul_ln31_1_loc|       pointer|
|mul_ln31_1_loc_read        |  out|     1|     ap_fifo|                                                            mul_ln31_1_loc|       pointer|
|p_read                     |   in|    24|     ap_none|                                                                    p_read|        scalar|
|skip1_dout                 |   in|     1|     ap_fifo|                                                                     skip1|       pointer|
|skip1_empty_n              |   in|     1|     ap_fifo|                                                                     skip1|       pointer|
|skip1_read                 |  out|     1|     ap_fifo|                                                                     skip1|       pointer|
|mul_ln31_1_loc_out_din     |  out|    32|     ap_fifo|                                                        mul_ln31_1_loc_out|       pointer|
|mul_ln31_1_loc_out_full_n  |   in|     1|     ap_fifo|                                                        mul_ln31_1_loc_out|       pointer|
|mul_ln31_1_loc_out_write   |  out|     1|     ap_fifo|                                                        mul_ln31_1_loc_out|       pointer|
|skip1_out_din              |  out|     1|     ap_fifo|                                                                 skip1_out|       pointer|
|skip1_out_full_n           |   in|     1|     ap_fifo|                                                                 skip1_out|       pointer|
|skip1_out_write            |  out|     1|     ap_fifo|                                                                 skip1_out|       pointer|
+---------------------------+-----+------+------------+--------------------------------------------------------------------------+--------------+

